Log file open, 05/16/20 19:18:46
LogWindows: Failed to load 'aqProf.dll' (GetLastError=126)
LogWindows: File 'aqProf.dll' does not exist
LogWindows: Failed to load 'VtuneApi.dll' (GetLastError=126)
LogWindows: File 'VtuneApi.dll' does not exist
LogWindows: Failed to load 'VtuneApi32e.dll' (GetLastError=126)
LogWindows: File 'VtuneApi32e.dll' does not exist
LogConsoleResponse: Display: Failed to find resolution value strings in scalability ini. Falling back to default.
LogInit: Display: Running engine for game: FrightNight
LogPlatformFile: Not using cached read wrapper
LogTaskGraph: Started task graph with 5 named threads and 23 total threads with 3 sets of task threads.
LogStats: Stats thread started at 0.329728
LogD3D11RHI: Loaded GFSDK_Aftermath_Lib.x64.dll
LogICUInternationalization: ICU TimeZone Detection - Raw Offset: +5:30, Platform Override: ''
LogPluginManager: Mounting plugin Paper2D
LogPluginManager: Mounting plugin AISupport
LogPluginManager: Mounting plugin LightPropagationVolume
LogPluginManager: Mounting plugin ActorLayerUtilities
LogPluginManager: Mounting plugin AnimationSharing
LogPluginManager: Mounting plugin CLionSourceCodeAccess
LogPluginManager: Mounting plugin CodeLiteSourceCodeAccess
LogPluginManager: Mounting plugin GitSourceControl
LogPluginManager: Mounting plugin KDevelopSourceCodeAccess
LogPluginManager: Mounting plugin NullSourceCodeAccess
LogPluginManager: Mounting plugin PerforceSourceControl
LogPluginManager: Mounting plugin PlasticSourceControl
LogPluginManager: Mounting plugin SubversionSourceControl
LogPluginManager: Mounting plugin UObjectPlugin
LogPluginManager: Mounting plugin VisualStudioCodeSourceCodeAccess
LogPluginManager: Mounting plugin VisualStudioSourceCodeAccess
LogPluginManager: Mounting plugin XCodeSourceCodeAccess
LogPluginManager: Mounting plugin AssetManagerEditor
LogPluginManager: Mounting plugin CryptoKeys
LogPluginManager: Mounting plugin CurveEditorTools
LogPluginManager: Mounting plugin DataValidation
LogPluginManager: Mounting plugin FacialAnimation
LogPluginManager: Mounting plugin GameplayTagsEditor
LogPluginManager: Mounting plugin MacGraphicsSwitching
LogPluginManager: Mounting plugin MaterialAnalyzer
LogPluginManager: Mounting plugin MobileLauncherProfileWizard
LogPluginManager: Mounting plugin PluginBrowser
LogPluginManager: Mounting plugin SpeedTreeImporter
LogPluginManager: Mounting plugin DatasmithContent
LogPluginManager: Mounting plugin VariantManagerContent
LogPluginManager: Mounting plugin AlembicImporter
LogPluginManager: Mounting plugin AutomationUtils
LogPluginManager: Mounting plugin BackChannel
LogPluginManager: Mounting plugin CharacterAI
LogPluginManager: Mounting plugin GeometryCache
LogPluginManager: Mounting plugin PlatformCrypto
LogPluginManager: Mounting plugin ProxyLODPlugin
LogPluginManager: Mounting plugin SkeletalReduction
LogPluginManager: Mounting plugin MagicLeap
LogPluginManager: Mounting plugin MagicLeapMedia
LogPluginManager: Mounting plugin MLSDK
LogPluginManager: Mounting plugin AndroidMedia
LogPluginManager: Mounting plugin AvfMedia
LogPluginManager: Mounting plugin ImgMedia
LogPluginManager: Mounting plugin MediaCompositing
LogPluginManager: Mounting plugin MediaPlayerEditor
LogPluginManager: Mounting plugin WebMMedia
LogPluginManager: Mounting plugin WmfMedia
LogPluginManager: Mounting plugin TcpMessaging
LogPluginManager: Mounting plugin UdpMessaging
LogPluginManager: Mounting plugin ActorSequence
LogPluginManager: Mounting plugin LevelSequenceEditor
LogPluginManager: Mounting plugin MatineeToLevelSequence
LogPluginManager: Mounting plugin NetcodeUnitTest
LogPluginManager: Mounting plugin NUTUnrealEngine4
LogPluginManager: Mounting plugin OnlineSubsystemGooglePlay
LogPluginManager: Mounting plugin OnlineSubsystemIOS
LogPluginManager: Mounting plugin OnlineSubsystem
LogPluginManager: Mounting plugin OnlineSubsystemNull
LogPluginManager: Mounting plugin OnlineSubsystemUtils
LogPluginManager: Mounting plugin LauncherChunkInstaller
LogPluginManager: Mounting plugin AndroidDeviceProfileSelector
LogPluginManager: Mounting plugin AndroidMoviePlayer
LogPluginManager: Mounting plugin AndroidPermission
LogPluginManager: Mounting plugin AppleImageUtils
LogPluginManager: Mounting plugin AppleMoviePlayer
LogPluginManager: Mounting plugin ArchVisCharacter
LogPluginManager: Mounting plugin AssetTags
LogPluginManager: Mounting plugin AudioCapture
LogPluginManager: Mounting plugin CableComponent
LogPluginManager: Mounting plugin CustomMeshComponent
LogPluginManager: Mounting plugin EditableMesh
LogPluginManager: Mounting plugin ExampleDeviceProfileSelector
LogPluginManager: Mounting plugin GoogleCloudMessaging
LogPluginManager: Mounting plugin IOSDeviceProfileSelector
LogPluginManager: Mounting plugin LinuxDeviceProfileSelector
LogPluginManager: Mounting plugin LocationServicesBPLibrary
LogPluginManager: Mounting plugin MobilePatchingUtils
LogPluginManager: Mounting plugin OculusVR
LogPluginManager: Mounting plugin PhysXVehicles
LogPluginManager: Mounting plugin PostSplashScreen
LogPluginManager: Mounting plugin ProceduralMeshComponent
LogPluginManager: Mounting plugin RuntimePhysXCooking
LogPluginManager: Mounting plugin SignificanceManager
LogPluginManager: Mounting plugin SteamVR
LogPluginManager: Mounting plugin WebMMoviePlayer
LogPluginManager: Mounting plugin WindowsMoviePlayer
LogPluginManager: Mounting plugin ScreenshotTools
LogInit: Using libcurl 7.55.1-DEV
LogInit:  - built for x86_64-pc-win32
LogInit:  - supports SSL with OpenSSL/1.1.1
LogInit:  - supports HTTP deflate (compression) using libz 1.2.8
LogInit:  - other features:
LogInit:      CURL_VERSION_SSL
LogInit:      CURL_VERSION_LIBZ
LogInit:      CURL_VERSION_IPV6
LogInit:      CURL_VERSION_ASYNCHDNS
LogInit:      CURL_VERSION_LARGEFILE
LogInit:      CURL_VERSION_IDN
LogInit:  CurlRequestOptions (configurable via config and command line):
LogInit:  - bVerifyPeer = true  - Libcurl will verify peer certificate
LogInit:  - bUseHttpProxy = false  - Libcurl will NOT use HTTP proxy
LogInit:  - bDontReuseConnections = false  - Libcurl will reuse connections
LogInit:  - MaxHostConnections = 16  - Libcurl will limit the number of connections to a host
LogInit:  - LocalHostAddr = Default
LogInit:  - BufferSize = 65536
LogOnline: OSS: Creating online subsystem instance for: NULL
LogInit: WinSock: version 1.1 (2.2), MaxSocks=32767, MaxUdp=65467
LogOnline: OSS: TryLoadSubsystemAndSetDefault: Loaded subsystem for module [NULL]
LogInit: Build: ++UE4+Release-4.24-CL-11590370
LogInit: Engine Version: 4.24.3-11590370+++UE4+Release-4.24
LogInit: Compatible Engine Version: 4.24.0-10570792+++UE4+Release-4.24
LogInit: Net CL: 10570792
LogInit: OS: Windows 10 (Release 1909) (), CPU: Intel(R) Core(TM) i5-8265U CPU @ 1.60GHz, GPU: Intel(R) UHD Graphics 620
LogInit: Compiled (64-bit): Feb 24 2020 15:39:18
LogInit: Compiled with Visual C++: 19.16.27032.01
LogInit: Build Configuration: Development
LogInit: Branch Name: ++UE4+Release-4.24
LogInit: Command Line:  -EpicPortal -epicusername=AkuG18 -epicuserid=a00cb540850f40ee99f12e3c2e119581 -epiclocale=en
LogInit: Base Directory: C:/Program Files/Epic Games/UE_4.24/Engine/Binaries/Win64/
LogInit: Installed Engine Build: 1
LogDevObjectVersion: Number of dev versions registered: 25
LogDevObjectVersion:   Dev-Blueprints (B0D832E4-1F89-4F0D-ACCF-7EB736FD4AA2): 10
LogDevObjectVersion:   Dev-Build (E1C64328-A22C-4D53-A36C-8E866417BD8C): 0
LogDevObjectVersion:   Dev-Core (375EC13C-06E4-48FB-B500-84F0262A717E): 3
LogDevObjectVersion:   Dev-Editor (E4B068ED-F494-42E9-A231-DA0B2E46BB41): 37
LogDevObjectVersion:   Dev-Framework (CFFC743F-43B0-4480-9391-14DF171D2073): 36
LogDevObjectVersion:   Dev-Mobile (B02B49B5-BB20-44E9-A304-32B752E40360): 2
LogDevObjectVersion:   Dev-Networking (A4E4105C-59A1-49B5-A7C5-40C4547EDFEE): 0
LogDevObjectVersion:   Dev-Online (39C831C9-5AE6-47DC-9A44-9C173E1C8E7C): 0
LogDevObjectVersion:   Dev-Physics (78F01B33-EBEA-4F98-B9B4-84EACCB95AA2): 2
LogDevObjectVersion:   Dev-Platform (6631380F-2D4D-43E0-8009-CF276956A95A): 0
LogDevObjectVersion:   Dev-Rendering (12F88B9F-8875-4AFC-A67C-D90C383ABD29): 36
LogDevObjectVersion:   Dev-Sequencer (7B5AE74C-D270-4C10-A958-57980B212A5A): 11
LogDevObjectVersion:   Dev-VR (D7296918-1DD6-4BDD-9DE2-64A83CC13884): 2
LogDevObjectVersion:   Dev-LoadTimes (C2A15278-BFE7-4AFE-6C17-90FF531DF755): 1
LogDevObjectVersion:   Private-Geometry (6EACA3D4-40EC-4CC1-B786-8BED09428FC5): 3
LogDevObjectVersion:   Dev-AnimPhys (29E575DD-E0A3-4627-9D10-D276232CDCEA): 17
LogDevObjectVersion:   Dev-Anim (AF43A65D-7FD3-4947-9873-3E8ED9C1BB05): 2
LogDevObjectVersion:   Dev-ReflectionCapture (6B266CEC-1EC7-4B8F-A30B-E4D90942FC07): 1
LogDevObjectVersion:   Dev-Automation (0DF73D61-A23F-47EA-B727-89E90C41499A): 1
LogDevObjectVersion:   FortniteMain (601D1886-AC64-4F84-AA16-D3DE0DEAC7D6): 31
LogDevObjectVersion:   Dev-Enterprise (9DFFBCD6-494F-0158-E221-12823C92A888): 8
LogDevObjectVersion:   Dev-Niagara (F2AED0AC-9AFE-416F-8664-AA7FFA26D6FC): 1
LogDevObjectVersion:   Dev-Destruction (174F1F0B-B4C6-45A5-B13F-2EE8D0FB917D): 9
LogDevObjectVersion:   Dev-Physics-Ext (35F94A83-E258-406C-A318-09F59610247C): 8
LogDevObjectVersion:   Dev-CineCamera (B2E18506-4273-CFC2-A54E-F4BB758BBA07): 1
LogInit: Presizing for max 25165824 objects, including 0 objects not considered by GC, pre-allocating 0 bytes for permanent pool.
LogInit: Object subsystem initialized
LogConfig: Setting CVar [[con.DebugEarlyDefault:1]]
LogConfig: Setting CVar [[r.setres:1280x720]]
[2020.05.16-13.48.47:294][  0]LogConfig: Setting CVar [[r.VSync:0]]
[2020.05.16-13.48.47:294][  0]LogConfig: Setting CVar [[r.RHICmdBypass:0]]
[2020.05.16-13.48.47:294][  0]LogConfig: Applying CVar settings from Section [/Script/Engine.RendererSettings] File [D:/Documents/GitHub/FrightNight/Saved/Config/Windows/Engine.ini]
[2020.05.16-13.48.47:294][  0]LogConfig: Setting CVar [[r.GPUCrashDebugging:0]]
[2020.05.16-13.48.47:294][  0]LogConfig: Setting CVar [[r.SkinCache.CompileShaders:1]]
[2020.05.16-13.48.47:294][  0]LogConfig: Setting CVar [[r.RayTracing:1]]
[2020.05.16-13.48.47:294][  0]LogConfig: Applying CVar settings from Section [/Script/Engine.RendererOverrideSettings] File [D:/Documents/GitHub/FrightNight/Saved/Config/Windows/Engine.ini]
[2020.05.16-13.48.47:294][  0]LogConfig: Applying CVar settings from Section [/Script/Engine.StreamingSettings] File [D:/Documents/GitHub/FrightNight/Saved/Config/Windows/Engine.ini]
[2020.05.16-13.48.47:294][  0]LogConfig: Setting CVar [[s.MinBulkDataSizeForAsyncLoading:131072]]
[2020.05.16-13.48.47:294][  0]LogConfig: Setting CVar [[s.AsyncLoadingThreadEnabled:0]]
[2020.05.16-13.48.47:294][  0]LogConfig: Setting CVar [[s.EventDrivenLoaderEnabled:1]]
[2020.05.16-13.48.47:294][  0]LogConfig: Setting CVar [[s.WarnIfTimeLimitExceeded:0]]
[2020.05.16-13.48.47:294][  0]LogConfig: Setting CVar [[s.TimeLimitExceededMultiplier:1.5]]
[2020.05.16-13.48.47:294][  0]LogConfig: Setting CVar [[s.TimeLimitExceededMinTime:0.005]]
[2020.05.16-13.48.47:294][  0]LogConfig: Setting CVar [[s.UseBackgroundLevelStreaming:1]]
[2020.05.16-13.48.47:294][  0]LogConfig: Setting CVar [[s.PriorityAsyncLoadingExtraTime:15.0]]
[2020.05.16-13.48.47:294][  0]LogConfig: Setting CVar [[s.LevelStreamingActorsUpdateTimeLimit:5.0]]
[2020.05.16-13.48.47:295][  0]LogConfig: Setting CVar [[s.PriorityLevelStreamingActorsUpdateExtraTime:5.0]]
[2020.05.16-13.48.47:295][  0]LogConfig: Setting CVar [[s.LevelStreamingComponentsRegistrationGranularity:10]]
[2020.05.16-13.48.47:295][  0]LogConfig: Setting CVar [[s.UnregisterComponentsTimeLimit:1.0]]
[2020.05.16-13.48.47:295][  0]LogConfig: Setting CVar [[s.LevelStreamingComponentsUnregistrationGranularity:5]]
[2020.05.16-13.48.47:295][  0]LogConfig: Setting CVar [[s.FlushStreamingOnExit:1]]
[2020.05.16-13.48.47:295][  0]LogConfig: Applying CVar settings from Section [/Script/Engine.GarbageCollectionSettings] File [D:/Documents/GitHub/FrightNight/Saved/Config/Windows/Engine.ini]
[2020.05.16-13.48.47:295][  0]LogConfig: Setting CVar [[gc.MaxObjectsNotConsideredByGC:1]]
[2020.05.16-13.48.47:295][  0]LogConfig: Setting CVar [[gc.SizeOfPermanentObjectPool:0]]
[2020.05.16-13.48.47:295][  0]LogConfig: Setting CVar [[gc.FlushStreamingOnGC:0]]
[2020.05.16-13.48.47:295][  0]LogConfig: Setting CVar [[gc.NumRetriesBeforeForcingGC:10]]
[2020.05.16-13.48.47:295][  0]LogConfig: Setting CVar [[gc.AllowParallelGC:1]]
[2020.05.16-13.48.47:295][  0]LogConfig: Setting CVar [[gc.TimeBetweenPurgingPendingKillObjects:61.1]]
[2020.05.16-13.48.47:295][  0]LogConfig: Setting CVar [[gc.MaxObjectsInEditor:25165824]]
[2020.05.16-13.48.47:295][  0]LogConfig: Setting CVar [[gc.IncrementalBeginDestroyEnabled:1]]
[2020.05.16-13.48.47:295][  0]LogConfig: Setting CVar [[gc.CreateGCClusters:1]]
[2020.05.16-13.48.47:295][  0]LogConfig: Setting CVar [[gc.MinGCClusterSize:5]]
[2020.05.16-13.48.47:295][  0]LogConfig: Setting CVar [[gc.ActorClusteringEnabled:0]]
[2020.05.16-13.48.47:295][  0]LogConfig: Setting CVar [[gc.BlueprintClusteringEnabled:0]]
[2020.05.16-13.48.47:295][  0]LogConfig: Setting CVar [[gc.UseDisregardForGCOnDedicatedServers:0]]
[2020.05.16-13.48.47:295][  0]LogConfig: Applying CVar settings from Section [/Script/Engine.NetworkSettings] File [D:/Documents/GitHub/FrightNight/Saved/Config/Windows/Engine.ini]
[2020.05.16-13.48.47:295][  0]LogConfig: Applying CVar settings from Section [/Script/UnrealEd.CookerSettings] File [D:/Documents/GitHub/FrightNight/Saved/Config/Windows/Engine.ini]
[2020.05.16-13.48.47:305][  0]LogConfig: Applying CVar settings from Section [ViewDistanceQuality@3] File [D:/Documents/GitHub/FrightNight/Saved/Config/Windows/Scalability.ini]
[2020.05.16-13.48.47:305][  0]LogConfig: Setting CVar [[r.SkeletalMeshLODBias:0]]
[2020.05.16-13.48.47:305][  0]LogConfig: Setting CVar [[r.ViewDistanceScale:1.0]]
[2020.05.16-13.48.47:305][  0]LogConfig: Applying CVar settings from Section [AntiAliasingQuality@3] File [D:/Documents/GitHub/FrightNight/Saved/Config/Windows/Scalability.ini]
[2020.05.16-13.48.47:305][  0]LogConfig: Setting CVar [[r.PostProcessAAQuality:4]]
[2020.05.16-13.48.47:306][  0]LogConfig: Applying CVar settings from Section [ShadowQuality@3] File [D:/Documents/GitHub/FrightNight/Saved/Config/Windows/Scalability.ini]
[2020.05.16-13.48.47:306][  0]LogConfig: Setting CVar [[r.LightFunctionQuality:1]]
[2020.05.16-13.48.47:306][  0]LogConfig: Setting CVar [[r.ShadowQuality:5]]
[2020.05.16-13.48.47:306][  0]LogConfig: Setting CVar [[r.Shadow.CSM.MaxCascades:10]]
[2020.05.16-13.48.47:306][  0]LogConfig: Setting CVar [[r.Shadow.MaxResolution:2048]]
[2020.05.16-13.48.47:306][  0]LogConfig: Setting CVar [[r.Shadow.MaxCSMResolution:2048]]
[2020.05.16-13.48.47:306][  0]LogConfig: Setting CVar [[r.Shadow.RadiusThreshold:0.01]]
[2020.05.16-13.48.47:306][  0]LogConfig: Setting CVar [[r.Shadow.DistanceScale:1.0]]
[2020.05.16-13.48.47:306][  0]LogConfig: Setting CVar [[r.Shadow.CSM.TransitionScale:1.0]]
[2020.05.16-13.48.47:306][  0]LogConfig: Setting CVar [[r.Shadow.PreShadowResolutionFactor:1.0]]
[2020.05.16-13.48.47:306][  0]LogConfig: Setting CVar [[r.DistanceFieldShadowing:1]]
[2020.05.16-13.48.47:306][  0]LogConfig: Setting CVar [[r.DistanceFieldAO:1]]
[2020.05.16-13.48.47:306][  0]LogConfig: Setting CVar [[r.AOQuality:2]]
[2020.05.16-13.48.47:306][  0]LogConfig: Setting CVar [[r.VolumetricFog:1]]
[2020.05.16-13.48.47:306][  0]LogConfig: Setting CVar [[r.VolumetricFog.GridPixelSize:8]]
[2020.05.16-13.48.47:306][  0]LogConfig: Setting CVar [[r.VolumetricFog.GridSizeZ:128]]
[2020.05.16-13.48.47:306][  0]LogConfig: Setting CVar [[r.VolumetricFog.HistoryMissSupersampleCount:4]]
[2020.05.16-13.48.47:306][  0]LogConfig: Setting CVar [[r.LightMaxDrawDistanceScale:1]]
[2020.05.16-13.48.47:306][  0]LogConfig: Setting CVar [[r.CapsuleShadows:1]]
[2020.05.16-13.48.47:306][  0]LogConfig: Applying CVar settings from Section [PostProcessQuality@3] File [D:/Documents/GitHub/FrightNight/Saved/Config/Windows/Scalability.ini]
[2020.05.16-13.48.47:306][  0]LogConfig: Setting CVar [[r.MotionBlurQuality:4]]
[2020.05.16-13.48.47:306][  0]LogConfig: Setting CVar [[r.AmbientOcclusionMipLevelFactor:0.4]]
[2020.05.16-13.48.47:306][  0]LogConfig: Setting CVar [[r.AmbientOcclusionMaxQuality:100]]
[2020.05.16-13.48.47:306][  0]LogConfig: Setting CVar [[r.AmbientOcclusionLevels:-1]]
[2020.05.16-13.48.47:306][  0]LogConfig: Setting CVar [[r.AmbientOcclusionRadiusScale:1.0]]
[2020.05.16-13.48.47:306][  0]LogConfig: Setting CVar [[r.DepthOfFieldQuality:2]]
[2020.05.16-13.48.47:306][  0]LogConfig: Setting CVar [[r.RenderTargetPoolMin:400]]
[2020.05.16-13.48.47:306][  0]LogConfig: Setting CVar [[r.LensFlareQuality:2]]
[2020.05.16-13.48.47:306][  0]LogConfig: Setting CVar [[r.SceneColorFringeQuality:1]]
[2020.05.16-13.48.47:306][  0]LogConfig: Setting CVar [[r.EyeAdaptationQuality:2]]
[2020.05.16-13.48.47:306][  0]LogConfig: Setting CVar [[r.BloomQuality:5]]
[2020.05.16-13.48.47:306][  0]LogConfig: Setting CVar [[r.FastBlurThreshold:100]]
[2020.05.16-13.48.47:306][  0]LogConfig: Setting CVar [[r.Upscale.Quality:3]]
[2020.05.16-13.48.47:307][  0]LogConfig: Setting CVar [[r.Tonemapper.GrainQuantization:1]]
[2020.05.16-13.48.47:307][  0]LogConfig: Setting CVar [[r.LightShaftQuality:1]]
[2020.05.16-13.48.47:307][  0]LogConfig: Setting CVar [[r.Filter.SizeScale:1]]
[2020.05.16-13.48.47:307][  0]LogConfig: Setting CVar [[r.Tonemapper.Quality:5]]
[2020.05.16-13.48.47:307][  0]LogConfig: Setting CVar [[r.DOF.Gather.AccumulatorQuality:1        ; higher gathering accumulator quality]]
[2020.05.16-13.48.47:307][  0]LogConfig: Setting CVar [[r.DOF.Gather.PostfilterMethod:1          ; Median3x3 postfilering method]]
[2020.05.16-13.48.47:307][  0]LogConfig: Setting CVar [[r.DOF.Gather.EnableBokehSettings:0       ; no bokeh simulation when gathering]]
[2020.05.16-13.48.47:307][  0]LogConfig: Setting CVar [[r.DOF.Gather.RingCount:4                 ; medium number of samples when gathering]]
[2020.05.16-13.48.47:307][  0]LogConfig: Setting CVar [[r.DOF.Scatter.ForegroundCompositing:1    ; additive foreground scattering]]
[2020.05.16-13.48.47:307][  0]LogConfig: Setting CVar [[r.DOF.Scatter.BackgroundCompositing:2    ; additive background scattering]]
[2020.05.16-13.48.47:307][  0]LogConfig: Setting CVar [[r.DOF.Scatter.EnableBokehSettings:1      ; bokeh simulation when scattering]]
[2020.05.16-13.48.47:307][  0]LogConfig: Setting CVar [[r.DOF.Scatter.MaxSpriteRatio:0.1         ; only a maximum of 10% of scattered bokeh]]
[2020.05.16-13.48.47:307][  0]LogConfig: Setting CVar [[r.DOF.Recombine.Quality:1                ; cheap slight out of focus]]
[2020.05.16-13.48.47:307][  0]LogConfig: Setting CVar [[r.DOF.Recombine.EnableBokehSettings:0    ; no bokeh simulation on slight out of focus]]
[2020.05.16-13.48.47:307][  0]LogConfig: Setting CVar [[r.DOF.TemporalAAQuality:1                ; more stable temporal accumulation]]
[2020.05.16-13.48.47:307][  0]LogConfig: Setting CVar [[r.DOF.Kernel.MaxForegroundRadius:0.025]]
[2020.05.16-13.48.47:307][  0]LogConfig: Setting CVar [[r.DOF.Kernel.MaxBackgroundRadius:0.025]]
[2020.05.16-13.48.47:307][  0]LogConfig: Applying CVar settings from Section [TextureQuality@3] File [D:/Documents/GitHub/FrightNight/Saved/Config/Windows/Scalability.ini]
[2020.05.16-13.48.47:307][  0]LogConfig: Setting CVar [[r.Streaming.MipBias:0]]
[2020.05.16-13.48.47:307][  0]LogConfig: Setting CVar [[r.Streaming.AmortizeCPUToGPUCopy:0]]
[2020.05.16-13.48.47:307][  0]LogConfig: Setting CVar [[r.Streaming.MaxNumTexturesToStreamPerFrame:0]]
[2020.05.16-13.48.47:307][  0]LogConfig: Setting CVar [[r.Streaming.Boost:1]]
[2020.05.16-13.48.47:307][  0]LogConfig: Setting CVar [[r.MaxAnisotropy:8]]
[2020.05.16-13.48.47:307][  0]LogConfig: Setting CVar [[r.VT.MaxAnisotropy:8]]
[2020.05.16-13.48.47:307][  0]LogConfig: Setting CVar [[r.Streaming.LimitPoolSizeToVRAM:0]]
[2020.05.16-13.48.47:307][  0]LogConfig: Setting CVar [[r.Streaming.PoolSize:1000]]
[2020.05.16-13.48.47:307][  0]LogConfig: Setting CVar [[r.Streaming.MaxEffectiveScreenSize:0]]
[2020.05.16-13.48.47:307][  0]LogConfig: Applying CVar settings from Section [EffectsQuality@3] File [D:/Documents/GitHub/FrightNight/Saved/Config/Windows/Scalability.ini]
[2020.05.16-13.48.47:307][  0]LogConfig: Setting CVar [[r.TranslucencyLightingVolumeDim:64]]
[2020.05.16-13.48.47:307][  0]LogConfig: Setting CVar [[r.RefractionQuality:2]]
[2020.05.16-13.48.47:307][  0]LogConfig: Setting CVar [[r.SSR.Quality:3]]
[2020.05.16-13.48.47:307][  0]LogConfig: Setting CVar [[r.SSR.HalfResSceneColor:0]]
[2020.05.16-13.48.47:307][  0]LogConfig: Setting CVar [[r.SceneColorFormat:4]]
[2020.05.16-13.48.47:307][  0]LogConfig: Setting CVar [[r.DetailMode:2]]
[2020.05.16-13.48.47:307][  0]LogConfig: Setting CVar [[r.TranslucencyVolumeBlur:1]]
[2020.05.16-13.48.47:307][  0]LogConfig: Setting CVar [[r.MaterialQualityLevel:1 ; High quality]]
[2020.05.16-13.48.47:307][  0]LogConfig: Setting CVar [[r.SSS.Scale:1]]
[2020.05.16-13.48.47:307][  0]LogConfig: Setting CVar [[r.SSS.SampleSet:2]]
[2020.05.16-13.48.47:307][  0]LogConfig: Setting CVar [[r.SSS.Quality:1]]
[2020.05.16-13.48.47:307][  0]LogConfig: Setting CVar [[r.SSS.HalfRes:1]]
[2020.05.16-13.48.47:307][  0]LogConfig: Setting CVar [[r.SSGI.Quality:3]]
[2020.05.16-13.48.47:307][  0]LogConfig: Setting CVar [[r.EmitterSpawnRateScale:1.0]]
[2020.05.16-13.48.47:307][  0]LogConfig: Setting CVar [[r.ParticleLightQuality:2]]
[2020.05.16-13.48.47:307][  0]LogConfig: Setting CVar [[r.SkyAtmosphere.AerialPerspectiveLUT.FastApplyOnOpaque:1 ; Always have FastSkyLUT 1 in this case to avoid wrong sky]]
[2020.05.16-13.48.47:307][  0]LogConfig: Setting CVar [[r.SkyAtmosphere.AerialPerspectiveLUT.SampleCountPerSlice:1]]
[2020.05.16-13.48.47:307][  0]LogConfig: Setting CVar [[r.SkyAtmosphere.AerialPerspectiveLUT.DepthResolution:16.0]]
[2020.05.16-13.48.47:307][  0]LogConfig: Setting CVar [[r.SkyAtmosphere.FastSkyLUT:1]]
[2020.05.16-13.48.47:308][  0]LogConfig: Setting CVar [[r.SkyAtmosphere.FastSkyLUT.SampleCountMin:4.0]]
[2020.05.16-13.48.47:308][  0]LogConfig: Setting CVar [[r.SkyAtmosphere.FastSkyLUT.SampleCountMax:32.0]]
[2020.05.16-13.48.47:308][  0]LogConfig: Setting CVar [[r.SkyAtmosphere.SampleCountMin:4.0]]
[2020.05.16-13.48.47:308][  0]LogConfig: Setting CVar [[r.SkyAtmosphere.SampleCountMax:32.0]]
[2020.05.16-13.48.47:308][  0]LogConfig: Setting CVar [[r.SkyAtmosphere.TransmittanceLUT.UseSmallFormat:0]]
[2020.05.16-13.48.47:308][  0]LogConfig: Setting CVar [[r.SkyAtmosphere.TransmittanceLUT.SampleCount:10.0]]
[2020.05.16-13.48.47:308][  0]LogConfig: Setting CVar [[r.SkyAtmosphere.MultiScatteringLUT.SampleCount:15.0]]
[2020.05.16-13.48.47:308][  0]LogConfig: Applying CVar settings from Section [FoliageQuality@3] File [D:/Documents/GitHub/FrightNight/Saved/Config/Windows/Scalability.ini]
[2020.05.16-13.48.47:308][  0]LogConfig: Setting CVar [[foliage.DensityScale:1.0]]
[2020.05.16-13.48.47:308][  0]LogConfig: Setting CVar [[grass.DensityScale:1.0]]
[2020.05.16-13.48.47:308][  0]LogConfig: Applying CVar settings from Section [ShadingQuality@3] File [D:/Documents/GitHub/FrightNight/Saved/Config/Windows/Scalability.ini]
[2020.05.16-13.48.47:308][  0]LogConfig: Setting CVar [[r.HairStrands.SkyLighting.SampleCount:16]]
[2020.05.16-13.48.47:308][  0]LogConfig: Setting CVar [[r.HairStrands.SkyLighting.JitterIntegration:0]]
[2020.05.16-13.48.47:308][  0]LogConfig: Setting CVar [[r.HairStrands.SkyAO.SampleCount:16]]
[2020.05.16-13.48.47:308][  0]LogInit: Selected Device Profile: [Windows]
[2020.05.16-13.48.47:308][  0]LogInit: Applying CVar settings loaded from the selected device profile: [Windows]
[2020.05.16-13.48.47:324][  0]LogHAL: Display: Platform has ~ 8 GB [8471760896 / 8589934592 / 8], which maps to Default [LargestMinGB=32, LargerMinGB=12, DefaultMinGB=8, SmallerMinGB=6, SmallestMinGB=0)
[2020.05.16-13.48.47:324][  0]LogInit: Going up to parent DeviceProfile []
[2020.05.16-13.48.47:324][  0]LogConfig: Applying CVar settings from Section [ViewDistanceQuality@3] File [D:/Documents/GitHub/FrightNight/Saved/Config/Windows/Scalability.ini]
[2020.05.16-13.48.47:324][  0]LogConfig: Setting CVar [[r.SkeletalMeshLODBias:0]]
[2020.05.16-13.48.47:324][  0]LogConfig: Setting CVar [[r.ViewDistanceScale:1.0]]
[2020.05.16-13.48.47:324][  0]LogConfig: Applying CVar settings from Section [AntiAliasingQuality@3] File [D:/Documents/GitHub/FrightNight/Saved/Config/Windows/Scalability.ini]
[2020.05.16-13.48.47:325][  0]LogConfig: Setting CVar [[r.PostProcessAAQuality:4]]
[2020.05.16-13.48.47:325][  0]LogConfig: Applying CVar settings from Section [ShadowQuality@3] File [D:/Documents/GitHub/FrightNight/Saved/Config/Windows/Scalability.ini]
[2020.05.16-13.48.47:325][  0]LogConfig: Setting CVar [[r.LightFunctionQuality:1]]
[2020.05.16-13.48.47:325][  0]LogConfig: Setting CVar [[r.ShadowQuality:5]]
[2020.05.16-13.48.47:325][  0]LogConfig: Setting CVar [[r.Shadow.CSM.MaxCascades:10]]
[2020.05.16-13.48.47:325][  0]LogConfig: Setting CVar [[r.Shadow.MaxResolution:2048]]
[2020.05.16-13.48.47:325][  0]LogConfig: Setting CVar [[r.Shadow.MaxCSMResolution:2048]]
[2020.05.16-13.48.47:325][  0]LogConfig: Setting CVar [[r.Shadow.RadiusThreshold:0.01]]
[2020.05.16-13.48.47:325][  0]LogConfig: Setting CVar [[r.Shadow.DistanceScale:1.0]]
[2020.05.16-13.48.47:325][  0]LogConfig: Setting CVar [[r.Shadow.CSM.TransitionScale:1.0]]
[2020.05.16-13.48.47:325][  0]LogConfig: Setting CVar [[r.Shadow.PreShadowResolutionFactor:1.0]]
[2020.05.16-13.48.47:325][  0]LogConfig: Setting CVar [[r.DistanceFieldShadowing:1]]
[2020.05.16-13.48.47:325][  0]LogConfig: Setting CVar [[r.DistanceFieldAO:1]]
[2020.05.16-13.48.47:325][  0]LogConfig: Setting CVar [[r.AOQuality:2]]
[2020.05.16-13.48.47:325][  0]LogConfig: Setting CVar [[r.VolumetricFog:1]]
[2020.05.16-13.48.47:325][  0]LogConfig: Setting CVar [[r.VolumetricFog.GridPixelSize:8]]
[2020.05.16-13.48.47:325][  0]LogConfig: Setting CVar [[r.VolumetricFog.GridSizeZ:128]]
[2020.05.16-13.48.47:325][  0]LogConfig: Setting CVar [[r.VolumetricFog.HistoryMissSupersampleCount:4]]
[2020.05.16-13.48.47:325][  0]LogConfig: Setting CVar [[r.LightMaxDrawDistanceScale:1]]
[2020.05.16-13.48.47:325][  0]LogConfig: Setting CVar [[r.CapsuleShadows:1]]
[2020.05.16-13.48.47:325][  0]LogConfig: Applying CVar settings from Section [PostProcessQuality@3] File [D:/Documents/GitHub/FrightNight/Saved/Config/Windows/Scalability.ini]
[2020.05.16-13.48.47:325][  0]LogConfig: Setting CVar [[r.MotionBlurQuality:4]]
[2020.05.16-13.48.47:325][  0]LogConfig: Setting CVar [[r.AmbientOcclusionMipLevelFactor:0.4]]
[2020.05.16-13.48.47:325][  0]LogConfig: Setting CVar [[r.AmbientOcclusionMaxQuality:100]]
[2020.05.16-13.48.47:325][  0]LogConfig: Setting CVar [[r.AmbientOcclusionLevels:-1]]
[2020.05.16-13.48.47:325][  0]LogConfig: Setting CVar [[r.AmbientOcclusionRadiusScale:1.0]]
[2020.05.16-13.48.47:325][  0]LogConfig: Setting CVar [[r.DepthOfFieldQuality:2]]
[2020.05.16-13.48.47:325][  0]LogConfig: Setting CVar [[r.RenderTargetPoolMin:400]]
[2020.05.16-13.48.47:325][  0]LogConfig: Setting CVar [[r.LensFlareQuality:2]]
[2020.05.16-13.48.47:325][  0]LogConfig: Setting CVar [[r.SceneColorFringeQuality:1]]
[2020.05.16-13.48.47:325][  0]LogConfig: Setting CVar [[r.EyeAdaptationQuality:2]]
[2020.05.16-13.48.47:325][  0]LogConfig: Setting CVar [[r.BloomQuality:5]]
[2020.05.16-13.48.47:325][  0]LogConfig: Setting CVar [[r.FastBlurThreshold:100]]
[2020.05.16-13.48.47:325][  0]LogConfig: Setting CVar [[r.Upscale.Quality:3]]
[2020.05.16-13.48.47:325][  0]LogConfig: Setting CVar [[r.Tonemapper.GrainQuantization:1]]
[2020.05.16-13.48.47:325][  0]LogConfig: Setting CVar [[r.LightShaftQuality:1]]
[2020.05.16-13.48.47:325][  0]LogConfig: Setting CVar [[r.Filter.SizeScale:1]]
[2020.05.16-13.48.47:325][  0]LogConfig: Setting CVar [[r.Tonemapper.Quality:5]]
[2020.05.16-13.48.47:325][  0]LogConfig: Setting CVar [[r.DOF.Gather.AccumulatorQuality:1        ; higher gathering accumulator quality]]
[2020.05.16-13.48.47:325][  0]LogConfig: Setting CVar [[r.DOF.Gather.PostfilterMethod:1          ; Median3x3 postfilering method]]
[2020.05.16-13.48.47:325][  0]LogConfig: Setting CVar [[r.DOF.Gather.EnableBokehSettings:0       ; no bokeh simulation when gathering]]
[2020.05.16-13.48.47:325][  0]LogConfig: Setting CVar [[r.DOF.Gather.RingCount:4                 ; medium number of samples when gathering]]
[2020.05.16-13.48.47:325][  0]LogConfig: Setting CVar [[r.DOF.Scatter.ForegroundCompositing:1    ; additive foreground scattering]]
[2020.05.16-13.48.47:325][  0]LogConfig: Setting CVar [[r.DOF.Scatter.BackgroundCompositing:2    ; additive background scattering]]
[2020.05.16-13.48.47:325][  0]LogConfig: Setting CVar [[r.DOF.Scatter.EnableBokehSettings:1      ; bokeh simulation when scattering]]
[2020.05.16-13.48.47:325][  0]LogConfig: Setting CVar [[r.DOF.Scatter.MaxSpriteRatio:0.1         ; only a maximum of 10% of scattered bokeh]]
[2020.05.16-13.48.47:325][  0]LogConfig: Setting CVar [[r.DOF.Recombine.Quality:1                ; cheap slight out of focus]]
[2020.05.16-13.48.47:325][  0]LogConfig: Setting CVar [[r.DOF.Recombine.EnableBokehSettings:0    ; no bokeh simulation on slight out of focus]]
[2020.05.16-13.48.47:326][  0]LogConfig: Setting CVar [[r.DOF.TemporalAAQuality:1                ; more stable temporal accumulation]]
[2020.05.16-13.48.47:326][  0]LogConfig: Setting CVar [[r.DOF.Kernel.MaxForegroundRadius:0.025]]
[2020.05.16-13.48.47:326][  0]LogConfig: Setting CVar [[r.DOF.Kernel.MaxBackgroundRadius:0.025]]
[2020.05.16-13.48.47:326][  0]LogConfig: Applying CVar settings from Section [TextureQuality@3] File [D:/Documents/GitHub/FrightNight/Saved/Config/Windows/Scalability.ini]
[2020.05.16-13.48.47:326][  0]LogConfig: Setting CVar [[r.Streaming.MipBias:0]]
[2020.05.16-13.48.47:326][  0]LogConfig: Setting CVar [[r.Streaming.AmortizeCPUToGPUCopy:0]]
[2020.05.16-13.48.47:326][  0]LogConfig: Setting CVar [[r.Streaming.MaxNumTexturesToStreamPerFrame:0]]
[2020.05.16-13.48.47:326][  0]LogConfig: Setting CVar [[r.Streaming.Boost:1]]
[2020.05.16-13.48.47:326][  0]LogConfig: Setting CVar [[r.MaxAnisotropy:8]]
[2020.05.16-13.48.47:326][  0]LogConfig: Setting CVar [[r.VT.MaxAnisotropy:8]]
[2020.05.16-13.48.47:326][  0]LogConfig: Setting CVar [[r.Streaming.LimitPoolSizeToVRAM:0]]
[2020.05.16-13.48.47:326][  0]LogConfig: Setting CVar [[r.Streaming.PoolSize:1000]]
[2020.05.16-13.48.47:326][  0]LogConfig: Setting CVar [[r.Streaming.MaxEffectiveScreenSize:0]]
[2020.05.16-13.48.47:326][  0]LogConfig: Applying CVar settings from Section [EffectsQuality@3] File [D:/Documents/GitHub/FrightNight/Saved/Config/Windows/Scalability.ini]
[2020.05.16-13.48.47:326][  0]LogConfig: Setting CVar [[r.TranslucencyLightingVolumeDim:64]]
[2020.05.16-13.48.47:326][  0]LogConfig: Setting CVar [[r.RefractionQuality:2]]
[2020.05.16-13.48.47:326][  0]LogConfig: Setting CVar [[r.SSR.Quality:3]]
[2020.05.16-13.48.47:326][  0]LogConfig: Setting CVar [[r.SSR.HalfResSceneColor:0]]
[2020.05.16-13.48.47:326][  0]LogConfig: Setting CVar [[r.SceneColorFormat:4]]
[2020.05.16-13.48.47:326][  0]LogConfig: Setting CVar [[r.DetailMode:2]]
[2020.05.16-13.48.47:326][  0]LogConfig: Setting CVar [[r.TranslucencyVolumeBlur:1]]
[2020.05.16-13.48.47:326][  0]LogConfig: Setting CVar [[r.MaterialQualityLevel:1 ; High quality]]
[2020.05.16-13.48.47:326][  0]LogConfig: Setting CVar [[r.SSS.Scale:1]]
[2020.05.16-13.48.47:326][  0]LogConfig: Setting CVar [[r.SSS.SampleSet:2]]
[2020.05.16-13.48.47:326][  0]LogConfig: Setting CVar [[r.SSS.Quality:1]]
[2020.05.16-13.48.47:326][  0]LogConfig: Setting CVar [[r.SSS.HalfRes:1]]
[2020.05.16-13.48.47:326][  0]LogConfig: Setting CVar [[r.SSGI.Quality:3]]
[2020.05.16-13.48.47:326][  0]LogConfig: Setting CVar [[r.EmitterSpawnRateScale:1.0]]
[2020.05.16-13.48.47:326][  0]LogConfig: Setting CVar [[r.ParticleLightQuality:2]]
[2020.05.16-13.48.47:327][  0]LogConfig: Setting CVar [[r.SkyAtmosphere.AerialPerspectiveLUT.FastApplyOnOpaque:1 ; Always have FastSkyLUT 1 in this case to avoid wrong sky]]
[2020.05.16-13.48.47:327][  0]LogConfig: Setting CVar [[r.SkyAtmosphere.AerialPerspectiveLUT.SampleCountPerSlice:1]]
[2020.05.16-13.48.47:327][  0]LogConfig: Setting CVar [[r.SkyAtmosphere.AerialPerspectiveLUT.DepthResolution:16.0]]
[2020.05.16-13.48.47:327][  0]LogConfig: Setting CVar [[r.SkyAtmosphere.FastSkyLUT:1]]
[2020.05.16-13.48.47:327][  0]LogConfig: Setting CVar [[r.SkyAtmosphere.FastSkyLUT.SampleCountMin:4.0]]
[2020.05.16-13.48.47:327][  0]LogConfig: Setting CVar [[r.SkyAtmosphere.FastSkyLUT.SampleCountMax:32.0]]
[2020.05.16-13.48.47:327][  0]LogConfig: Setting CVar [[r.SkyAtmosphere.SampleCountMin:4.0]]
[2020.05.16-13.48.47:327][  0]LogConfig: Setting CVar [[r.SkyAtmosphere.SampleCountMax:32.0]]
[2020.05.16-13.48.47:327][  0]LogConfig: Setting CVar [[r.SkyAtmosphere.TransmittanceLUT.UseSmallFormat:0]]
[2020.05.16-13.48.47:327][  0]LogConfig: Setting CVar [[r.SkyAtmosphere.TransmittanceLUT.SampleCount:10.0]]
[2020.05.16-13.48.47:327][  0]LogConfig: Setting CVar [[r.SkyAtmosphere.MultiScatteringLUT.SampleCount:15.0]]
[2020.05.16-13.48.47:327][  0]LogConfig: Applying CVar settings from Section [FoliageQuality@3] File [D:/Documents/GitHub/FrightNight/Saved/Config/Windows/Scalability.ini]
[2020.05.16-13.48.47:327][  0]LogConfig: Setting CVar [[foliage.DensityScale:1.0]]
[2020.05.16-13.48.47:327][  0]LogConfig: Setting CVar [[grass.DensityScale:1.0]]
[2020.05.16-13.48.47:327][  0]LogConfig: Applying CVar settings from Section [ShadingQuality@3] File [D:/Documents/GitHub/FrightNight/Saved/Config/Windows/Scalability.ini]
[2020.05.16-13.48.47:327][  0]LogConfig: Setting CVar [[r.HairStrands.SkyLighting.SampleCount:16]]
[2020.05.16-13.48.47:327][  0]LogConfig: Setting CVar [[r.HairStrands.SkyLighting.JitterIntegration:0]]
[2020.05.16-13.48.47:327][  0]LogConfig: Setting CVar [[r.HairStrands.SkyAO.SampleCount:16]]
[2020.05.16-13.48.47:327][  0]LogConfig: Applying CVar settings from Section [Startup] File [../../../Engine/Config/ConsoleVariables.ini]
[2020.05.16-13.48.47:337][  0]LogConfig: Setting CVar [[net.UseAdaptiveNetUpdateFrequency:0]]
[2020.05.16-13.48.47:337][  0]LogConfig: Setting CVar [[p.chaos.AllowCreatePhysxBodies:1]]
[2020.05.16-13.48.47:337][  0]LogConfig: Applying CVar settings from Section [ConsoleVariables] File [D:/Documents/GitHub/FrightNight/Saved/Config/Windows/Engine.ini]
[2020.05.16-13.48.47:337][  0]LogInit: Computer: LAPTOP-JKN6FV9F
[2020.05.16-13.48.47:337][  0]LogInit: User: Aakash
[2020.05.16-13.48.47:337][  0]LogInit: CPU Page size=4096, Cores=4
[2020.05.16-13.48.47:337][  0]LogInit: High frequency timer resolution =10.000000 MHz
[2020.05.16-13.48.47:337][  0]LogMemory: Memory total: Physical=7.9GB (8GB approx)
[2020.05.16-13.48.47:338][  0]LogMemory: Platform Memory Stats for Windows
[2020.05.16-13.48.47:338][  0]LogMemory: Process Physical Memory: 104.15 MB used, 104.16 MB peak
[2020.05.16-13.48.47:338][  0]LogMemory: Process Virtual Memory: 100.55 MB used, 100.55 MB peak
[2020.05.16-13.48.47:338][  0]LogMemory: Physical Memory: 5584.63 MB used,  2494.67 MB free, 8079.30 MB total
[2020.05.16-13.48.47:338][  0]LogMemory: Virtual Memory: 5137.95 MB used,  134212592.00 MB free, 134217728.00 MB total
[2020.05.16-13.48.47:342][  0]LogWindows: WindowsPlatformFeatures enabled
[2020.05.16-13.48.47:402][  0]LogInit: Using OS detected language (en-US).
[2020.05.16-13.48.47:402][  0]LogInit: Using OS detected locale (en-IN).
[2020.05.16-13.48.47:403][  0]LogTextLocalizationManager: No specific localization for 'en-US' exists, so the 'en' localization will be used.
[2020.05.16-13.48.47:872][  0]LogInit: Setting process to per monitor DPI aware
[2020.05.16-13.48.47:980][  0]LogSlate: New Slate User Created.  User Index 0, Is Virtual User: 0
[2020.05.16-13.48.47:980][  0]LogSlate: Slate User Registered.  User Index 0, Is Virtual User: 0
[2020.05.16-13.48.48:389][  0]LogD3D12RHI: Aftermath initialized
[2020.05.16-13.48.48:389][  0]LogD3D12RHI: Loading WinPixEventRuntime.dll for PIX profiling (from ../../../Engine/Binaries/ThirdParty/Windows/DirectX/x64).
[2020.05.16-13.48.48:463][  0]LogHMD: Failed to initialize OpenVR with code 110
[2020.05.16-13.48.48:730][  0]LogD3D12RHI: Found D3D12 adapter 0: NVIDIA GeForce MX250 (Max supported Feature Level 12_1)
[2020.05.16-13.48.48:730][  0]LogD3D12RHI: Adapter has 1983MB of dedicated video memory, 0MB of dedicated system memory, and 4039MB of shared system memory, 1 output[s]
[2020.05.16-13.48.50:625][  0]LogD3D12RHI: Found D3D12 adapter 1: Intel(R) UHD Graphics 620 (Max supported Feature Level 12_1)
[2020.05.16-13.48.50:625][  0]LogD3D12RHI: Adapter has 128MB of dedicated video memory, 0MB of dedicated system memory, and 4039MB of shared system memory, 0 output[s]
[2020.05.16-13.48.50:652][  0]LogD3D12RHI: Found D3D12 adapter 2: Microsoft Basic Render Driver (Max supported Feature Level 12_1)
[2020.05.16-13.48.50:652][  0]LogD3D12RHI: Adapter has 0MB of dedicated video memory, 0MB of dedicated system memory, and 4039MB of shared system memory, 0 output[s]
[2020.05.16-13.48.50:652][  0]LogD3D12RHI: Forcing D3D12.AsyncDeferredDeletion=0 as a workaround for a deadlock.
[2020.05.16-13.48.50:652][  0]LogD3D12RHI: Chosen D3D12 Adapter Id = 0
[2020.05.16-13.48.50:691][  0]LogD3D12RHI: Emitting draw events for PIX profiling.
[2020.05.16-13.48.50:794][  0]LogD3D12RHI: The system supports ID3D12Device1.
[2020.05.16-13.48.50:794][  0]LogD3D12RHI: The system supports ID3D12Device2.
[2020.05.16-13.48.50:977][  0]LogD3D12RHI: Display: Not using pipeline state disk cache per r.D3D12.PSO.DiskCache=0
[2020.05.16-13.48.50:977][  0]LogD3D12RHI: Display: Not using driver-optimized pipeline state disk cache per r.D3D12.PSO.DriverOptimizedDiskCache=0
[2020.05.16-13.48.50:981][  0]LogD3D12RHI:     GPU DeviceId: 0x1d13 (for the marketing name, search the web for "GPU Device Id")
[2020.05.16-13.48.50:981][  0]LogWindows: EnumDisplayDevices:
[2020.05.16-13.48.50:981][  0]LogWindows:    0. 'Intel(R) UHD Graphics 620' (P:1 D:1)
[2020.05.16-13.48.50:982][  0]LogWindows:    1. 'Intel(R) UHD Graphics 620' (P:0 D:0)
[2020.05.16-13.48.50:982][  0]LogWindows:    2. 'Intel(R) UHD Graphics 620' (P:0 D:0)
[2020.05.16-13.48.50:983][  0]LogWindows: DebugString: PrimaryIsNotTheChoosenAdapter PrimaryIsNotTheChoosenAdapter PrimaryIsNotTheChoosenAdapter FoundDriverCount:0 
[2020.05.16-13.48.50:983][  0]LogD3D12RHI:     Adapter Name: NVIDIA GeForce MX250
[2020.05.16-13.48.50:983][  0]LogD3D12RHI:   Driver Version: Unknown (internal:Unknown, unified:Unknown)
[2020.05.16-13.48.50:983][  0]LogD3D12RHI:      Driver Date: Unknown
[2020.05.16-13.48.50:983][  0]LogRHI: Texture pool is 1062 MB (70% of 1517 MB)
[2020.05.16-13.48.50:983][  0]LogD3D12RHI: Async texture creation enabled
[2020.05.16-13.48.50:983][  0]LogD3D12RHI: RHI has support for 64 bit atomics
[2020.05.16-13.48.51:992][  0]LogTargetPlatformManager: Display: Loaded TargetPlatform 'AllDesktop'
[2020.05.16-13.48.52:082][  0]LogTargetPlatformManager: Display: Loaded TargetPlatform 'Android'
[2020.05.16-13.48.52:082][  0]LogTargetPlatformManager: Display: Loaded TargetPlatform 'Android_ASTC'
[2020.05.16-13.48.52:082][  0]LogTargetPlatformManager: Display: Loaded TargetPlatform 'Android_ATC'
[2020.05.16-13.48.52:082][  0]LogTargetPlatformManager: Display: Loaded TargetPlatform 'Android_DXT'
[2020.05.16-13.48.52:082][  0]LogTargetPlatformManager: Display: Loaded TargetPlatform 'Android_ETC1'
[2020.05.16-13.48.52:082][  0]LogTargetPlatformManager: Display: Loaded TargetPlatform 'Android_ETC1a'
[2020.05.16-13.48.52:082][  0]LogTargetPlatformManager: Display: Loaded TargetPlatform 'Android_ETC2'
[2020.05.16-13.48.52:082][  0]LogTargetPlatformManager: Display: Loaded TargetPlatform 'Android_PVRTC'
[2020.05.16-13.48.52:082][  0]LogTargetPlatformManager: Display: Loaded TargetPlatform 'AndroidClient'
[2020.05.16-13.48.52:083][  0]LogTargetPlatformManager: Display: Loaded TargetPlatform 'Android_ASTCClient'
[2020.05.16-13.48.52:083][  0]LogTargetPlatformManager: Display: Loaded TargetPlatform 'Android_ATCClient'
[2020.05.16-13.48.52:083][  0]LogTargetPlatformManager: Display: Loaded TargetPlatform 'Android_DXTClient'
[2020.05.16-13.48.52:083][  0]LogTargetPlatformManager: Display: Loaded TargetPlatform 'Android_ETC1Client'
[2020.05.16-13.48.52:083][  0]LogTargetPlatformManager: Display: Loaded TargetPlatform 'Android_ETC1aClient'
[2020.05.16-13.48.52:083][  0]LogTargetPlatformManager: Display: Loaded TargetPlatform 'Android_ETC2Client'
[2020.05.16-13.48.52:083][  0]LogTargetPlatformManager: Display: Loaded TargetPlatform 'Android_PVRTCClient'
[2020.05.16-13.48.52:083][  0]LogTargetPlatformManager: Display: Loaded TargetPlatform 'Android_Multi'
[2020.05.16-13.48.52:083][  0]LogTargetPlatformManager: Display: Loaded TargetPlatform 'Android_MultiClient'
[2020.05.16-13.48.52:151][  0]LogTargetPlatformManager: Display: Loaded TargetPlatform 'IOSClient'
[2020.05.16-13.48.52:151][  0]LogTargetPlatformManager: Display: Loaded TargetPlatform 'IOS'
[2020.05.16-13.48.52:170][  0]LogTargetPlatformManager: Display: Loaded TargetPlatform 'LinuxNoEditor'
[2020.05.16-13.48.52:187][  0]LogTargetPlatformManager: Display: Loaded TargetPlatform 'LinuxClient'
[2020.05.16-13.48.52:203][  0]LogTargetPlatformManager: Display: Loaded TargetPlatform 'LinuxServer'
[2020.05.16-13.48.52:218][  0]LogTargetPlatformManager: Display: Loaded TargetPlatform 'LinuxAArch64NoEditor'
[2020.05.16-13.48.52:233][  0]LogTargetPlatformManager: Display: Loaded TargetPlatform 'LinuxAArch64Client'
[2020.05.16-13.48.52:252][  0]LogTargetPlatformManager: Display: Loaded TargetPlatform 'LinuxAArch64Server'
[2020.05.16-13.48.52:302][  0]LogTargetPlatformManager: Display: Loaded TargetPlatform 'Lumin'
[2020.05.16-13.48.52:302][  0]LogTargetPlatformManager: Display: Loaded TargetPlatform 'LuminClient'
[2020.05.16-13.48.52:332][  0]LogTargetPlatformManager: Display: Loaded TargetPlatform 'TVOSClient'
[2020.05.16-13.48.52:332][  0]LogTargetPlatformManager: Display: Loaded TargetPlatform 'TVOS'
[2020.05.16-13.48.52:344][  0]LogTargetPlatformManager: Display: Loaded TargetPlatform 'WindowsNoEditor'
[2020.05.16-13.48.52:364][  0]LogTargetPlatformManager: Display: Loaded TargetPlatform 'Windows'
[2020.05.16-13.48.52:380][  0]LogTargetPlatformManager: Display: Loaded TargetPlatform 'WindowsClient'
[2020.05.16-13.48.52:398][  0]LogTargetPlatformManager: Display: Loaded TargetPlatform 'WindowsServer'
[2020.05.16-13.48.52:398][  0]LogTargetPlatformManager: Display: Building Assets For Windows
[2020.05.16-13.48.52:410][  0]LogAudioDebug: Display: Lib vorbis DLL was dynamically loaded.
[2020.05.16-13.48.52:463][  0]LogShaderCompilers: Guid format shader working directory is 16 characters bigger than the processId version (D:/Documents/GitHub/FrightNight/Intermediate/Shaders/WorkingDirectory/4500/).
[2020.05.16-13.48.52:463][  0]LogShaderCompilers: Cleaned the shader compiler working directory 'C:/Users/Aakash/AppData/Local/Temp/UnrealShaderWorkingDir/10DCAA904E10B342284035BB683C66E9/'.
[2020.05.16-13.48.52:465][  0]LogXGEController: Cannot use XGE Controller as Incredibuild is not installed on this machine.
[2020.05.16-13.48.52:465][  0]LogShaderCompilers: Cannot use XGE Shader Compiler as Incredibuild is not installed on this machine.
[2020.05.16-13.48.52:465][  0]LogShaderCompilers: Display: Using Local Shader Compiler.
[2020.05.16-13.48.54:331][  0]LogDerivedDataCache: Display: Max Cache Size: 512 MB
[2020.05.16-13.48.54:498][  0]LogDerivedDataCache: Loaded boot cache 0.17s 92MB C:/Users/Aakash/AppData/Local/UnrealEngine/4.24/DerivedDataCache/Boot.ddc.
[2020.05.16-13.48.54:498][  0]LogDerivedDataCache: Display: Loaded Boot cache: C:/Users/Aakash/AppData/Local/UnrealEngine/4.24/DerivedDataCache/Boot.ddc
[2020.05.16-13.48.54:498][  0]LogDerivedDataCache: FDerivedDataBackendGraph:  Pak pak cache file D:/Documents/GitHub/FrightNight/DerivedDataCache/DDC.ddp not found, will not use a pak cache.
[2020.05.16-13.48.54:498][  0]LogDerivedDataCache: Unable to find inner node Pak for hierarchical cache Hierarchy.
[2020.05.16-13.48.54:498][  0]LogDerivedDataCache: FDerivedDataBackendGraph:  CompressedPak pak cache file D:/Documents/GitHub/FrightNight/DerivedDataCache/Compressed.ddp not found, will not use a pak cache.
[2020.05.16-13.48.54:498][  0]LogDerivedDataCache: Unable to find inner node CompressedPak for hierarchical cache Hierarchy.
[2020.05.16-13.48.54:516][  0]LogDerivedDataCache: Display: Pak cache opened for reading ../../../Engine/DerivedDataCache/Compressed.ddp.
[2020.05.16-13.48.54:517][  0]LogDerivedDataCache: FDerivedDataBackendGraph:  EnterprisePak pak cache file ../../../Enterprise/DerivedDataCache/Compressed.ddp not found, will not use a pak cache.
[2020.05.16-13.48.54:517][  0]LogDerivedDataCache: Unable to find inner node EnterprisePak for hierarchical cache Hierarchy.
[2020.05.16-13.48.54:519][  0]LogDerivedDataCache: Using Local data cache path C:/Users/Aakash/AppData/Local/UnrealEngine/Common/DerivedDataCache: Writable
[2020.05.16-13.48.54:519][  0]LogDerivedDataCache: Shared data cache path not found in *engine.ini, will not use an Shared cache.
[2020.05.16-13.48.54:519][  0]LogDerivedDataCache: Unable to find inner node Shared for hierarchical cache Hierarchy.
[2020.05.16-13.48.54:574][  0]LogMaterial: Verifying Global Shaders for PCD3D_SM5
[2020.05.16-13.48.54:578][  0]LogSlate: Using FreeType 2.10.0
[2020.05.16-13.48.54:580][  0]LogSlate: SlateFontServices - WITH_FREETYPE: 1, WITH_HARFBUZZ: 1
[2020.05.16-13.48.54:931][  0]LogAssetRegistry: FAssetRegistry took 0.0052 seconds to start up
[2020.05.16-13.48.55:871][  0]LogInit: Selected Device Profile: [Windows]
[2020.05.16-13.48.56:641][  0]LogMeshReduction: Using QuadricMeshReduction for automatic static mesh reduction
[2020.05.16-13.48.56:641][  0]LogMeshReduction: Using SimplygonMeshReduction for automatic skeletal mesh reduction
[2020.05.16-13.48.56:641][  0]LogMeshReduction: Using ProxyLODMeshReduction for automatic mesh merging
[2020.05.16-13.48.56:641][  0]LogMeshReduction: No distributed automatic mesh merging module available
[2020.05.16-13.48.56:641][  0]LogMeshMerging: No distributed automatic mesh merging module available
[2020.05.16-13.48.56:673][  0]LogNetVersion: FrightNight 1.0.0, NetCL: 10570792, EngineNetVer: 13, GameNetVer: 0 (Checksum: 665925729)
[2020.05.16-13.49.08:326][  0]LogMaterial: Display: Missing cached shader map for material WireframeMaterial, compiling. Is special engine material.
[2020.05.16-13.49.09:074][  0]LogShaderCompilers: Display: Worker (1/5): shaders left to compile 481
[2020.05.16-13.49.09:075][  0]LogShaderCompilers: Display: Worker (2/5): shaders left to compile 471
[2020.05.16-13.49.09:075][  0]LogShaderCompilers: Display: Worker (3/5): shaders left to compile 461
[2020.05.16-13.49.09:075][  0]LogShaderCompilers: Display: Worker (4/5): shaders left to compile 451
[2020.05.16-13.49.09:075][  0]LogShaderCompilers: Display: Worker (5/5): shaders left to compile 441
[2020.05.16-13.49.09:075][  0]LogMaterial: Display: Missing cached shader map for material CineMat, compiling. 
[2020.05.16-13.49.09:311][  0]LogMaterial: Display: Missing cached shader map for material M_SimpleOpaque, compiling. 
[2020.05.16-13.49.09:390][  0]LogMaterial: Display: Missing cached shader map for material M_SimpleTranslucent, compiling. 
[2020.05.16-13.49.09:844][  0]LogMaterial: Display: Missing cached shader map for material SkySphereMaterial, compiling. 
[2020.05.16-13.49.09:910][  0]LogMaterial: Display: Missing cached shader map for material FloorPlaneMaterial, compiling. 
[2020.05.16-13.49.10:238][  0]LogMaterial: Display: Missing cached shader map for material LandscapeGizmo_Mat, compiling. 
[2020.05.16-13.49.10:327][  0]LogMaterial: Display: Missing cached shader map for material LandscapeGizmo_Mat, compiling. 
[2020.05.16-13.49.10:430][  0]LogMaterial: Display: Missing cached shader map for material LandscapeGizmoHeight_Mat, compiling. 
[2020.05.16-13.49.10:624][  0]LogMaterial: Display: Missing cached shader map for material SplineEditorMeshMat, compiling. 
[2020.05.16-13.49.10:896][  0]LogPackageLocalizationCache: Processed 10 localized package path(s) for 1 prioritized culture(s) in 0.184192 seconds
[2020.05.16-13.49.10:924][  0]LogUObjectArray: 46750 objects as part of root set at end of initial load.
[2020.05.16-13.49.10:924][  0]LogUObjectAllocator: 8137160 out of 0 bytes used by permanent object pool.
[2020.05.16-13.49.10:924][  0]LogUObjectArray: CloseDisregardForGC: 0/0 objects in disregard for GC pool
[2020.05.16-13.49.11:579][  0]LogMaterial: Display: Missing cached shader map for material DefaultSpriteMaterial, compiling. 
[2020.05.16-13.49.11:640][  0]LogMaterial: Display: Missing cached shader map for material DefaultSpriteMaterial, compiling. 
[2020.05.16-13.49.11:799][  0]LogMaterial: Display: Missing cached shader map for material BaseColor, compiling. 
[2020.05.16-13.49.11:847][  0]LogMaterial: Display: Missing cached shader map for material CustomDepth, compiling. 
[2020.05.16-13.49.11:918][  0]LogMaterial: Display: Missing cached shader map for material CustomStencil, compiling. 
[2020.05.16-13.49.11:964][  0]LogMaterial: Display: Missing cached shader map for material FinalImage, compiling. 
[2020.05.16-13.49.12:006][  0]LogMaterial: Display: Missing cached shader map for material LightingModel, compiling. 
[2020.05.16-13.49.12:049][  0]LogMaterial: Display: Missing cached shader map for material MaterialAO, compiling. 
[2020.05.16-13.49.12:092][  0]LogMaterial: Display: Missing cached shader map for material Metallic, compiling. 
[2020.05.16-13.49.12:135][  0]LogMaterial: Display: Missing cached shader map for material Opacity, compiling. 
[2020.05.16-13.49.12:184][  0]LogMaterial: Display: Missing cached shader map for material Roughness, compiling. 
[2020.05.16-13.49.12:224][  0]LogMaterial: Display: Missing cached shader map for material SceneColor, compiling. 
[2020.05.16-13.49.12:270][  0]LogMaterial: Display: Missing cached shader map for material SceneDepth, compiling. 
[2020.05.16-13.49.12:312][  0]LogMaterial: Display: Missing cached shader map for material SeparateTranslucencyRGB, compiling. 
[2020.05.16-13.49.12:355][  0]LogMaterial: Display: Missing cached shader map for material SeparateTranslucencyA, compiling. 
[2020.05.16-13.49.12:393][  0]LogMaterial: Display: Missing cached shader map for material Specular, compiling. 
[2020.05.16-13.49.12:426][  0]LogMaterial: Display: Missing cached shader map for material SubsurfaceColor, compiling. 
[2020.05.16-13.49.12:464][  0]LogMaterial: Display: Missing cached shader map for material WorldNormal, compiling. 
[2020.05.16-13.49.12:507][  0]LogMaterial: Display: Missing cached shader map for material AmbientOcclusion, compiling. 
[2020.05.16-13.49.12:561][  0]LogMaterial: Display: Missing cached shader map for material CustomDepthWorldUnits, compiling. 
[2020.05.16-13.49.12:604][  0]LogMaterial: Display: Missing cached shader map for material SceneDepthWorldUnits, compiling. 
[2020.05.16-13.49.12:653][  0]LogMaterial: Display: Missing cached shader map for material Velocity, compiling. 
[2020.05.16-13.49.12:690][  0]LogMaterial: Display: Missing cached shader map for material PreTonemapHDRColor, compiling. 
[2020.05.16-13.49.12:736][  0]LogMaterial: Display: Missing cached shader map for material PostTonemapHDRColor, compiling. 
[2020.05.16-13.49.12:955][  0]LogTcpMessaging: Initializing TcpMessaging bridge
[2020.05.16-13.49.12:965][  0]LogUdpMessaging: Initializing bridge on interface 0.0.0.0:0 to multicast group 230.0.0.1:6666.
[2020.05.16-13.49.13:030][  0]LogMaterial: Display: Missing cached shader map for material DefaultMaterial, compiling. 
[2020.05.16-13.49.13:286][  0]SourceControl: Source control is disabled
[2020.05.16-13.49.13:286][  0]SourceControl: Source control is disabled
[2020.05.16-13.49.13:291][  0]SourceControl: Source control is disabled
[2020.05.16-13.49.13:295][  0]SourceControl: Source control is disabled
[2020.05.16-13.49.13:298][  0]SourceControl: Source control is disabled
[2020.05.16-13.49.13:620][  0]LogAndroidPermission: UAndroidPermissionCallbackProxy::GetInstance
[2020.05.16-13.49.13:652][  0]LogAudioCaptureCore: Display: No Audio Capture implementations found. Audio input will be silent.
[2020.05.16-13.49.13:652][  0]LogAudioCaptureCore: Display: No Audio Capture implementations found. Audio input will be silent.
[2020.05.16-13.49.13:750][  0]LogMaterial: Display: Missing cached shader map for material M_VolumeRenderSphereTracePP, compiling. 
[2020.05.16-13.49.13:820][  0]LogMaterial: Display: Missing cached shader map for material OculusMR_WhiteMaterial, compiling. 
[2020.05.16-13.49.13:887][  0]LogMaterial: Display: Missing cached shader map for material OculusMR_ChromaKey, compiling. 
[2020.05.16-13.49.13:958][  0]LogMaterial: Display: Missing cached shader map for material OculusMR_ChromaKey_Lit, compiling. 
[2020.05.16-13.49.14:048][  0]LogMaterial: Display: Missing cached shader map for material OculusMR_OpaqueColoredMaterial, compiling. 
[2020.05.16-13.49.14:077][  0]LogOcInput: OculusInput pre-init called
[2020.05.16-13.49.14:103][  0]LogWindows: Failed to load 'OVRPlugin.dll' (GetLastError=126)
[2020.05.16-13.49.14:103][  0]LogWindows: File 'OVRPlugin.dll' does not exist
[2020.05.16-13.49.14:181][  0]LogMaterial: Display: Missing cached shader map for material HighResScreenshot, compiling. 
[2020.05.16-13.49.14:224][  0]LogMaterial: Display: Missing cached shader map for material HighResScreenshotMask, compiling. 
[2020.05.16-13.49.14:285][  0]LogMaterial: Display: Missing cached shader map for material HighResScreenshotCaptureRegion, compiling. 
[2020.05.16-13.49.14:492][  0]LogEngine: Initializing Engine...
[2020.05.16-13.49.14:496][  0]LogHMD: Failed to initialize OpenVR with code 110
[2020.05.16-13.49.14:499][  0]LogStats: UGameplayTagsManager::InitializeManager -  0.001 s
[2020.05.16-13.49.14:540][  0]LogMaterial: Display: Missing cached shader map for material HairDebugMaterial, compiling. Is special engine material.
[2020.05.16-13.49.15:057][  0]LogMaterial: Display: Missing cached shader map for material LevelColorationLitMaterial, compiling. Is special engine material.
[2020.05.16-13.49.16:045][  0]LogMaterial: Display: Missing cached shader map for material LevelColorationUnlitMaterial, compiling. Is special engine material.
[2020.05.16-13.49.16:513][  0]LogMaterial: Display: Missing cached shader map for material MAT_LevelColorationLitLightmapUV, compiling. Is special engine material.
[2020.05.16-13.49.17:469][  0]LogMaterial: Display: Missing cached shader map for material ShadedLevelColorationLitMaterial, compiling. Is special engine material.
[2020.05.16-13.49.18:386][  0]LogMaterial: Display: Missing cached shader map for material ShadedLevelColorationUnlitMateri, compiling. Is special engine material.
[2020.05.16-13.49.18:808][  0]LogShaderCompilers: Display: Worker (1/5): shaders left to compile 4319
[2020.05.16-13.49.18:808][  0]LogMaterial: Display: Missing cached shader map for material VertexColorMaterial, compiling. 
[2020.05.16-13.49.18:997][  0]LogShaderCompilers: Display: Worker (3/5): shaders left to compile 4750
[2020.05.16-13.49.18:997][  0]LogMaterial: Display: Missing cached shader map for material VertexColorViewMode_ColorOnly, compiling. 
[2020.05.16-13.49.19:066][  0]LogMaterial: Display: Missing cached shader map for material VertexColorViewMode_AlphaAsColor, compiling. 
[2020.05.16-13.49.19:132][  0]LogMaterial: Display: Missing cached shader map for material VertexColorViewMode_RedOnly, compiling. 
[2020.05.16-13.49.19:195][  0]LogMaterial: Display: Missing cached shader map for material VertexColorViewMode_GreenOnly, compiling. 
[2020.05.16-13.49.19:255][  0]LogMaterial: Display: Missing cached shader map for material VertexColorViewMode_BlueOnly, compiling. 
[2020.05.16-13.49.19:317][  0]LogShaderCompilers: Display: Worker (2/5): shaders left to compile 4996
[2020.05.16-13.49.19:317][  0]LogMaterial: Display: Missing cached shader map for material RemoveSurfaceMaterial, compiling. 
[2020.05.16-13.49.19:380][  0]LogMaterial: Display: Missing cached shader map for material HairDefaultMaterial, compiling. Is special engine material.
[2020.05.16-13.49.20:482][  0]LogShaderCompilers: Display: Worker (5/5): shaders left to compile 4992
[2020.05.16-13.49.20:483][  0]LogShaderCompilers: Display: Worker (4/5): shaders left to compile 4982
[2020.05.16-13.49.20:506][  0]LogMaterial: Display: Missing cached shader map for material DebugMeshMaterial, compiling. 
[2020.05.16-13.49.20:566][  0]LogMaterial: Display: Missing cached shader map for material EmissiveMeshMaterial, compiling. 
[2020.05.16-13.49.20:634][  0]LogMaterial: Display: Missing cached shader map for material M_InvalidLightmapSettings, compiling. 
[2020.05.16-13.49.20:729][  0]LogMaterial: Display: Missing cached shader map for material GizmoMaterial, compiling. 
[2020.05.16-13.49.20:793][  0]LogMaterial: Display: Missing cached shader map for material PhAT_JointLimitMaterial, compiling. 
[2020.05.16-13.49.20:854][  0]LogMaterial: Display: Missing cached shader map for material GeomMaterial, compiling. 
[2020.05.16-13.49.20:917][  0]LogMaterial: Display: Missing cached shader map for material EditorBrushMaterial, compiling. 
[2020.05.16-13.49.20:981][  0]LogMaterial: Display: Missing cached shader map for material BoneWeightMaterial, compiling. 
[2020.05.16-13.49.21:176][  0]LogMaterial: Display: Missing cached shader map for material ClothMaterial, compiling. 
[2020.05.16-13.49.21:246][  0]LogMaterial: Display: Missing cached shader map for material ClothMaterial_WF, compiling. 
[2020.05.16-13.49.21:329][  0]LogMaterial: Display: Missing cached shader map for material DebugEditorMaterial, compiling. 
[2020.05.16-13.49.21:393][  0]LogMaterial: Display: Missing cached shader map for material PreviewShadowIndicatorMaterial, compiling. 
[2020.05.16-13.49.21:565][  0]LogInit: Initializing FReadOnlyCVARCache
[2020.05.16-13.49.21:593][  0]LogAIModule: Creating AISystem for world Untitled
[2020.05.16-13.49.21:601][  0]LogAudioMixer: Display: Audio Mixer Platform Settings:
[2020.05.16-13.49.21:601][  0]LogAudioMixer: Display: 	Sample Rate:						  48000
[2020.05.16-13.49.21:601][  0]LogAudioMixer: Display: 	Callback Buffer Frame Size Requested: 1024
[2020.05.16-13.49.21:601][  0]LogAudioMixer: Display: 	Callback Buffer Frame Size To Use:	  1024
[2020.05.16-13.49.21:601][  0]LogAudioMixer: Display: 	Number of buffers to queue:			  2
[2020.05.16-13.49.21:602][  0]LogAudioMixer: Display: 	Max Channels (voices):				  32
[2020.05.16-13.49.21:602][  0]LogAudioMixer: Display: 	Number of Async Source Workers:		  0
[2020.05.16-13.49.21:602][  0]LogAudio: Display: AudioDevice MaxSources: 32
[2020.05.16-13.49.21:606][  0]LogAudio: Display: Using built-in audio occlusion.
[2020.05.16-13.49.21:606][  0]LogAudioMixer: Display: Initializing audio mixer.
[2020.05.16-13.49.21:901][  0]LogAudioMixer: Display: Audio Device Output Speaker Info:
[2020.05.16-13.49.21:901][  0]LogAudioMixer: Display: Name: Headphones (Mi Sports BT Earphones Basic Stereo)
[2020.05.16-13.49.21:901][  0]LogAudioMixer: Display: Is Default: Yes
[2020.05.16-13.49.21:901][  0]LogAudioMixer: Display: Sample Rate: 44100
[2020.05.16-13.49.21:902][  0]LogAudioMixer: Display: Channel Count Used: 2
[2020.05.16-13.49.21:902][  0]LogAudioMixer: Display: Device Channel Count: 2
[2020.05.16-13.49.21:902][  0]LogAudioMixer: Display: Channel Order:
[2020.05.16-13.49.21:902][  0]LogAudioMixer: Display: 0: FrontLeft
[2020.05.16-13.49.21:902][  0]LogAudioMixer: Display: 1: FrontRight
[2020.05.16-13.49.21:977][  0]LogAudioMixer: Display: Using Audio Device Headphones (Mi Sports BT Earphones Basic Stereo)
[2020.05.16-13.49.22:009][  0]LogInit: FAudioDevice initialized.
[2020.05.16-13.49.22:011][  0]LogNetVersion: Set ProjectVersion to 1.0.0.0. Version Checksum will be recalculated on next use.
[2020.05.16-13.49.22:162][  0]LogDerivedDataCache: Saved boot cache 0.15s 93MB C:/Users/Aakash/AppData/Local/UnrealEngine/4.24/DerivedDataCache/Boot.ddc.
[2020.05.16-13.49.22:178][  0]LogInit: Texture streaming: Enabled
[2020.05.16-13.49.22:211][  0]LogEngineSessionManager: EngineSessionManager initialized
[2020.05.16-13.49.22:211][  0]LogEditorSessionSummary: Verbose: Initializing EditorSessionSummaryWriter for editor session tracking
[2020.05.16-13.49.22:215][  0]LogEditorSessionSummary: EditorSessionSummaryWriter initialized
[2020.05.16-13.49.22:396][  0]LogInit: Transaction tracking system initialized
[2020.05.16-13.49.22:439][  0]BlueprintLog: New page: Editor Load
[2020.05.16-13.49.22:552][  0]LocalizationService: Localization service is disabled
[2020.05.16-13.49.22:774][  0]LogMaterial: Display: Missing cached shader map for material Cross_Mat, compiling. 
[2020.05.16-13.49.22:835][  0]LogMaterial: Display: Missing cached shader map for material PhAT_BoneSelectedMaterial, compiling. 
[2020.05.16-13.49.22:877][  0]LogMaterial: Display: Missing cached shader map for material PhAT_ElemSelectedMaterial, compiling. 
[2020.05.16-13.49.22:929][  0]LogMaterial: Display: Missing cached shader map for material PhAT_NoCollisionMaterial, compiling. 
[2020.05.16-13.49.22:987][  0]LogMaterial: Display: Missing cached shader map for material PhAT_UnselectedMaterial, compiling. 
[2020.05.16-13.49.23:041][  0]LogMaterial: Display: Missing cached shader map for material Tick_Mat, compiling. 
[2020.05.16-13.49.23:101][  0]LogMaterial: Display: Missing cached shader map for material WidgetGridVertexColorMaterial_Ma, compiling. 
[2020.05.16-13.49.23:147][  0]LogMaterial: Display: Missing cached shader map for material WidgetMaterial, compiling. 
[2020.05.16-13.49.23:192][  0]LogMaterial: Display: Missing cached shader map for material WidgetMaterial_Current, compiling. 
[2020.05.16-13.49.23:231][  0]LogMaterial: Display: Missing cached shader map for material WidgetMaterial_X, compiling. 
[2020.05.16-13.49.23:273][  0]LogMaterial: Display: Missing cached shader map for material WidgetMaterial_Y, compiling. 
[2020.05.16-13.49.23:313][  0]LogMaterial: Display: Missing cached shader map for material WidgetMaterial_Z, compiling. 
[2020.05.16-13.49.23:359][  0]LogMaterial: Display: Missing cached shader map for material WidgetVertexColorMaterial, compiling. 
[2020.05.16-13.49.23:550][  0]LogMaterial: Display: Missing cached shader map for material LevelGridMaterial, compiling. 
[2020.05.16-13.49.23:727][  0]LogMaterial: Display: Missing cached shader map for material BlinkingCaret, compiling. 
[2020.05.16-13.49.23:894][  0]LogMaterial: Display: Missing cached shader map for material M_StreamingPause, compiling. 
[2020.05.16-13.49.24:190][  0]LogFileCache: Scanning file cache for directory 'D:/Documents/GitHub/FrightNight/Content/' took 0.01s
[2020.05.16-13.49.24:190][  0]LogCook: Display: Max memory allowance for cook 16384mb min free memory 0mb
[2020.05.16-13.49.24:190][  0]LogCook: Display: Mobile HDR setting 1
[2020.05.16-13.49.27:256][  0]LogShaderCompilers: Display: Worker (1/5): shaders left to compile 6404
[2020.05.16-13.49.27:256][  0]LogShaderCompilers: Display: Worker (3/5): shaders left to compile 6394
[2020.05.16-13.49.27:256][  0]LogShaderCompilers: Display: Worker (4/5): shaders left to compile 6384
[2020.05.16-13.49.27:256][  0]LogShaderCompilers: Display: Worker (2/5): shaders left to compile 6374
[2020.05.16-13.49.27:256][  0]LogShaderCompilers: Display: Worker (5/5): shaders left to compile 6364
[2020.05.16-13.49.27:365][  0]SourceControl: Source control is disabled
[2020.05.16-13.49.27:365][  0]Cmd: MAP LOAD FILE="D:/Documents/GitHub/FrightNight/Content/StarterContent/Maps/Minimal_Default.umap" TEMPLATE=0 SHOWPROGRESS=1 FEATURELEVEL=3
[2020.05.16-13.49.27:421][  0]LightingResults: New page: Lighting Build
[2020.05.16-13.49.27:424][  0]LogWorld: UWorld::CleanupWorld for Untitled, bSessionEnded=true, bCleanupResources=true
[2020.05.16-13.49.27:425][  0]LogSlate: InvalidateAllWidgets triggered.  All widgets were invalidated
[2020.05.16-13.49.27:425][  0]MapCheck: New page: Map Check
[2020.05.16-13.49.27:425][  0]LightingResults: New page: Lighting Build
[2020.05.16-13.49.27:504][  0]LogUObjectHash: Compacting FUObjectHashTables data took   7.24ms
[2020.05.16-13.49.28:871][  0]LogMaterial: Display: Missing cached shader map for material M_TableRound, compiling. 
[2020.05.16-13.49.29:005][  0]LogMaterial: Display: Missing cached shader map for material M_Statue, compiling. 
[2020.05.16-13.49.29:127][  0]LogMaterial: Display: Missing cached shader map for material M_Sky_Panning_Clouds2, compiling. 
[2020.05.16-13.49.29:331][  0]LogMaterial: Display: Missing cached shader map for material M_Metal_Burnished_Steel, compiling. 
[2020.05.16-13.49.29:568][  0]LogMaterial: Display: Missing cached shader map for material M_Basic_Floor, compiling. 
[2020.05.16-13.49.29:674][  0]LogMaterial: Display: Missing cached shader map for material M_Metal_Brushed_Nickel, compiling. 
[2020.05.16-13.49.29:765][  0]LogMaterial: Display: Missing cached shader map for material M_StatueGlass, compiling. 
[2020.05.16-13.49.29:910][  0]LogMaterial: Display: Missing cached shader map for material M_Chair, compiling. 
[2020.05.16-13.49.29:988][  0]LogMaterial: Display: Missing cached shader map for material M_Metal_Copper, compiling. 
[2020.05.16-13.49.30:075][  0]LogAIModule: Creating AISystem for world Minimal_Default
[2020.05.16-13.49.30:109][  0]LogEditorServer: Finished looking for orphan Actors (0.000 secs)
[2020.05.16-13.49.30:229][  0]LogUObjectHash: Compacting FUObjectHashTables data took   6.08ms
[2020.05.16-13.49.30:230][  0]Cmd: MAP CHECKDEP NOCLEARLOG
[2020.05.16-13.49.30:231][  0]MapCheck: Map check complete: 0 Error(s), 0 Warning(s), took 0.654ms to complete.
[2020.05.16-13.49.30:231][  0]LogFileHelpers: Loading map 'Minimal_Default' took 2.867
[2020.05.16-13.49.30:556][  0]LogSlate: Updating window title bar state: overlay mode, drag disabled, window buttons hidden, title bar hidden
[2020.05.16-13.49.30:581][  0]LogSlate: Updating window title bar state: overlay mode, drag disabled, window buttons hidden, title bar hidden
[2020.05.16-13.49.30:605][  0]LogSlate: Updating window title bar state: overlay mode, drag disabled, window buttons hidden, title bar hidden
[2020.05.16-13.49.30:628][  0]LogSlate: Updating window title bar state: overlay mode, drag disabled, window buttons hidden, title bar hidden
[2020.05.16-13.49.30:660][  0]LogCollectionManager: Loaded 0 collections in 0.006209 seconds
[2020.05.16-13.49.30:728][  0]LogFileCache: Scanning file cache for directory 'D:/Documents/GitHub/FrightNight/Saved/Collections/' took 0.00s
[2020.05.16-13.49.30:729][  0]LogFileCache: Scanning file cache for directory 'D:/Documents/GitHub/FrightNight/Content/Developers/Aakash/Collections/' took 0.00s
[2020.05.16-13.49.30:729][  0]LogFileCache: Scanning file cache for directory 'D:/Documents/GitHub/FrightNight/Content/Collections/' took 0.00s
[2020.05.16-13.49.30:729][  0]LogContentBrowser: Native class hierarchy populated in 0.0278 seconds. Added 3015 classes and 717 folders.
[2020.05.16-13.49.30:745][  0]LogContentBrowser: Native class hierarchy updated for 'WidgetCarousel' in 0.0012 seconds. Added 0 classes and 0 folders.
[2020.05.16-13.49.31:936][  0]LogContentBrowser: Native class hierarchy updated for 'AddContentDialog' in 0.0007 seconds. Added 0 classes and 0 folders.
[2020.05.16-13.49.32:048][  0]LogContentBrowser: Native class hierarchy updated for 'SceneOutliner' in 0.0009 seconds. Added 2 classes and 3 folders.
[2020.05.16-13.49.32:611][  0]LogSlate: Took 0.000969 seconds to synchronously load lazily loaded font '../../../Engine/Content/Slate/Fonts/Roboto-Regular.ttf' (155K)
[2020.05.16-13.49.32:620][  0]LogSlate: Took 0.000967 seconds to synchronously load lazily loaded font '../../../Engine/Content/Slate/Fonts/Roboto-Bold.ttf' (160K)
[2020.05.16-13.49.32:658][  0]LogSlate: Took 0.017076 seconds to synchronously load lazily loaded font '../../../Engine/Content/Editor/Slate/Fonts/FontAwesome.ttf' (139K)
[2020.05.16-13.49.33:036][  0]LogMaterial: Display: Missing cached shader map for material LevelGridMaterial2, compiling. 
[2020.05.16-13.49.33:221][  0]LogRenderer: Reallocating scene render targets to support 964x432 Format 10 NumSamples 1 (Frame:1).
[2020.05.16-13.49.34:638][  0]LogContentBrowser: Native class hierarchy updated for 'HierarchicalLODOutliner' in 0.0011 seconds. Added 0 classes and 0 folders.
[2020.05.16-13.49.34:639][  0]LogLoad: (Engine Initialization) Total time: 54.72 seconds
[2020.05.16-13.49.34:639][  0]LogLoad: (Engine Initialization) Total Blueprint compile time: 0.00 seconds
[2020.05.16-13.49.34:746][  0]LogContentStreaming: Texture pool size now 1000 MB
[2020.05.16-13.49.34:825][  0]LogSlate: Took 0.020369 seconds to synchronously load lazily loaded font '../../../Engine/Content/Slate/Fonts/Roboto-Light.ttf' (167K)
[2020.05.16-13.49.38:173][ 37]LogShaderCompilers: Display: Worker (1/5): shaders left to compile 6646
[2020.05.16-13.49.38:555][ 41]LogAssetRegistry: Asset discovery search completed in 43.6247 seconds
[2020.05.16-13.49.38:567][ 41]LogCollectionManager: Fixed up redirectors for 0 collections in 0.000032 seconds (updated 0 objects)
[2020.05.16-13.49.39:941][ 91]LogShaderCompilers: Display: Worker (3/5): shaders left to compile 6636
[2020.05.16-13.49.41:750][157]LogShaderCompilers: Display: Worker (4/5): shaders left to compile 6626
[2020.05.16-13.49.48:406][400]LogShaderCompilers: Display: Worker (2/5): shaders left to compile 6616
[2020.05.16-13.49.59:377][811]LogShaderCompilers: Display: Worker (1/5): shaders left to compile 6606
[2020.05.16-13.50.08:833][183]LogShaderCompilers: Display: Worker (3/5): shaders left to compile 6596
[2020.05.16-13.50.11:367][294]LogShaderCompilers: Display: Worker (4/5): shaders left to compile 6586
[2020.05.16-13.50.17:149][518]LogShaderCompilers: Display: Worker (2/5): shaders left to compile 6576
[2020.05.16-13.50.21:109][668]LogShaderCompilers: Display: Worker (1/5): shaders left to compile 6566
[2020.05.16-13.50.28:438][926]LogShaderCompilers: Display: Worker (4/5): shaders left to compile 6556
[2020.05.16-13.50.33:032][107]LogShaderCompilers: Display: Worker (3/5): shaders left to compile 6546
[2020.05.16-13.50.35:965][233]LogShaderCompilers: Display: Worker (1/5): shaders left to compile 6536
[2020.05.16-13.50.36:315][249]LogShaderCompilers: Display: Worker (2/5): shaders left to compile 6526
[2020.05.16-13.50.40:736][446]LogShaderCompilers: Display: Worker (4/5): shaders left to compile 6516
[2020.05.16-13.50.42:287][517]LogShaderCompilers: Display: Worker (3/5): shaders left to compile 6506
[2020.05.16-13.50.44:142][603]LogShaderCompilers: Display: Worker (2/5): shaders left to compile 6496
[2020.05.16-13.50.45:946][683]LogShaderCompilers: Display: Worker (1/5): shaders left to compile 6486
[2020.05.16-13.50.48:240][789]LogShaderCompilers: Display: Worker (3/5): shaders left to compile 6476
[2020.05.16-13.50.49:106][830]LogShaderCompilers: Display: Worker (4/5): shaders left to compile 6466
[2020.05.16-13.50.55:597][ 76]LogShaderCompilers: Display: Worker (2/5): shaders left to compile 6456
[2020.05.16-13.50.58:075][164]LogShaderCompilers: Display: Worker (1/5): shaders left to compile 6446
[2020.05.16-13.51.02:473][327]LogShaderCompilers: Display: Worker (3/5): shaders left to compile 6436
[2020.05.16-13.51.06:399][466]LogShaderCompilers: Display: Worker (4/5): shaders left to compile 6426
[2020.05.16-13.51.06:864][483]LogShaderCompilers: Display: Worker (2/5): shaders left to compile 6416
[2020.05.16-13.51.10:987][662]LogShaderCompilers: Display: Worker (1/5): shaders left to compile 6406
[2020.05.16-13.51.13:670][775]LogShaderCompilers: Display: Worker (3/5): shaders left to compile 6396
[2020.05.16-13.51.15:615][847]LogShaderCompilers: Display: Worker (4/5): shaders left to compile 6386
[2020.05.16-13.51.16:991][905]LogShaderCompilers: Display: Worker (2/5): shaders left to compile 6376
[2020.05.16-13.51.26:288][250]LogShaderCompilers: Display: Worker (1/5): shaders left to compile 6366
[2020.05.16-13.51.30:023][383]LogShaderCompilers: Display: Worker (3/5): shaders left to compile 6356
[2020.05.16-13.51.31:424][444]LogShaderCompilers: Display: Worker (4/5): shaders left to compile 6346
[2020.05.16-13.51.32:345][496]LogShaderCompilers: Display: Worker (2/5): shaders left to compile 6336
[2020.05.16-13.51.38:549][788]LogShaderCompilers: Display: Worker (1/5): shaders left to compile 6326
[2020.05.16-13.51.40:647][906]LogShaderCompilers: Display: Worker (3/5): shaders left to compile 6316
[2020.05.16-13.51.41:821][967]LogShaderCompilers: Display: Worker (4/5): shaders left to compile 6306
[2020.05.16-13.51.42:319][992]LogShaderCompilers: Display: Worker (2/5): shaders left to compile 6296
[2020.05.16-13.51.46:784][233]LogShaderCompilers: Display: Worker (1/5): shaders left to compile 6286
[2020.05.16-13.51.54:475][639]LogShaderCompilers: Display: Worker (3/5): shaders left to compile 6276
[2020.05.16-13.51.56:079][685]LogShaderCompilers: Display: Worker (2/5): shaders left to compile 6266
[2020.05.16-13.51.56:079][685]LogSlate: Window 'Tutorials' being destroyed
[2020.05.16-13.51.57:390][732]LogShaderCompilers: Display: Worker (4/5): shaders left to compile 6256
[2020.05.16-13.51.59:380][828]LogShaderCompilers: Display: Worker (1/5): shaders left to compile 6246
[2020.05.16-13.52.08:284][269]LogShaderCompilers: Display: Worker (3/5): shaders left to compile 6236
[2020.05.16-13.52.08:433][277]LogShaderCompilers: Display: Worker (2/5): shaders left to compile 6226
[2020.05.16-13.52.18:918][756]LogD3D12RHI: Error: pResource->Map(Subresource, pReadRange, reinterpret_cast<void**>(&pData)) failed 
 at d:\build\++ue4\sync\engine\source\runtime\d3d12rhi\private\D3D12RHIPrivate.h:1099 
 with error DXGI_ERROR_DEVICE_REMOVED
[2020.05.16-13.52.18:918][756]LogD3D12RHI: Error: pResource->Map(Subresource, pReadRange, reinterpret_cast<void**>(&pData)) failed 
 at d:\build\++ue4\sync\engine\source\runtime\d3d12rhi\private\D3D12RHIPrivate.h:1099 
 with error DXGI_ERROR_DEVICE_REMOVED
[2020.05.16-13.52.19:698][756]LogShaderCompilers: Display: Worker (4/5): shaders left to compile 6216
[2020.05.16-13.52.20:651][756]LogShaderCompilers: Display: Worker (1/5): shaders left to compile 6206
[2020.05.16-13.52.20:857][756]LogShaderCompilers: Display: Worker (3/5): shaders left to compile 6196
[2020.05.16-13.52.21:640][756]LogShaderCompilers: Display: Worker (2/5): shaders left to compile 6186
[2020.05.16-13.52.23:294][756]LogWindows: FPlatformMisc::RequestExit(1)
[2020.05.16-13.52.23:294][756]LogCore: Engine exit requested (reason: Win RequestExit)
[2020.05.16-13.52.23:442][756]Log file closed, 05/16/20 19:22:23
