Log file open, 05/16/20 19:26:41
LogWindows: Failed to load 'aqProf.dll' (GetLastError=126)
LogWindows: File 'aqProf.dll' does not exist
LogWindows: Failed to load 'VtuneApi.dll' (GetLastError=126)
LogWindows: File 'VtuneApi.dll' does not exist
LogWindows: Failed to load 'VtuneApi32e.dll' (GetLastError=126)
LogWindows: File 'VtuneApi32e.dll' does not exist
LogConsoleResponse: Display: Failed to find resolution value strings in scalability ini. Falling back to default.
LogInit: Display: Running engine for game: FrightNight
LogPlatformFile: Not using cached read wrapper
LogTaskGraph: Started task graph with 5 named threads and 23 total threads with 3 sets of task threads.
LogStats: Stats thread started at 0.085051
LogD3D11RHI: Loaded GFSDK_Aftermath_Lib.x64.dll
LogICUInternationalization: ICU TimeZone Detection - Raw Offset: +5:30, Platform Override: ''
LogPluginManager: Mounting plugin Paper2D
LogPluginManager: Mounting plugin AISupport
LogPluginManager: Mounting plugin LightPropagationVolume
LogPluginManager: Mounting plugin ActorLayerUtilities
LogPluginManager: Mounting plugin AnimationSharing
LogPluginManager: Mounting plugin CLionSourceCodeAccess
LogPluginManager: Mounting plugin CodeLiteSourceCodeAccess
LogPluginManager: Mounting plugin GitSourceControl
LogPluginManager: Mounting plugin KDevelopSourceCodeAccess
LogPluginManager: Mounting plugin NullSourceCodeAccess
LogPluginManager: Mounting plugin PerforceSourceControl
LogPluginManager: Mounting plugin PlasticSourceControl
LogPluginManager: Mounting plugin SubversionSourceControl
LogPluginManager: Mounting plugin UObjectPlugin
LogPluginManager: Mounting plugin VisualStudioCodeSourceCodeAccess
LogPluginManager: Mounting plugin VisualStudioSourceCodeAccess
LogPluginManager: Mounting plugin XCodeSourceCodeAccess
LogPluginManager: Mounting plugin AssetManagerEditor
LogPluginManager: Mounting plugin CryptoKeys
LogPluginManager: Mounting plugin CurveEditorTools
LogPluginManager: Mounting plugin DataValidation
LogPluginManager: Mounting plugin FacialAnimation
LogPluginManager: Mounting plugin GameplayTagsEditor
LogPluginManager: Mounting plugin MacGraphicsSwitching
LogPluginManager: Mounting plugin MaterialAnalyzer
LogPluginManager: Mounting plugin MobileLauncherProfileWizard
LogPluginManager: Mounting plugin PluginBrowser
LogPluginManager: Mounting plugin SpeedTreeImporter
LogPluginManager: Mounting plugin DatasmithContent
LogPluginManager: Mounting plugin VariantManagerContent
LogPluginManager: Mounting plugin AlembicImporter
LogPluginManager: Mounting plugin AutomationUtils
LogPluginManager: Mounting plugin BackChannel
LogPluginManager: Mounting plugin CharacterAI
LogPluginManager: Mounting plugin GeometryCache
LogPluginManager: Mounting plugin PlatformCrypto
LogPluginManager: Mounting plugin ProxyLODPlugin
LogPluginManager: Mounting plugin SkeletalReduction
LogPluginManager: Mounting plugin MagicLeap
LogPluginManager: Mounting plugin MagicLeapMedia
LogPluginManager: Mounting plugin MLSDK
LogPluginManager: Mounting plugin AndroidMedia
LogPluginManager: Mounting plugin AvfMedia
LogPluginManager: Mounting plugin ImgMedia
LogPluginManager: Mounting plugin MediaCompositing
LogPluginManager: Mounting plugin MediaPlayerEditor
LogPluginManager: Mounting plugin WebMMedia
LogPluginManager: Mounting plugin WmfMedia
LogPluginManager: Mounting plugin TcpMessaging
LogPluginManager: Mounting plugin UdpMessaging
LogPluginManager: Mounting plugin ActorSequence
LogPluginManager: Mounting plugin LevelSequenceEditor
LogPluginManager: Mounting plugin MatineeToLevelSequence
LogPluginManager: Mounting plugin NetcodeUnitTest
LogPluginManager: Mounting plugin NUTUnrealEngine4
LogPluginManager: Mounting plugin OnlineSubsystemGooglePlay
LogPluginManager: Mounting plugin OnlineSubsystemIOS
LogPluginManager: Mounting plugin OnlineSubsystem
LogPluginManager: Mounting plugin OnlineSubsystemNull
LogPluginManager: Mounting plugin OnlineSubsystemUtils
LogPluginManager: Mounting plugin LauncherChunkInstaller
LogPluginManager: Mounting plugin AndroidDeviceProfileSelector
LogPluginManager: Mounting plugin AndroidMoviePlayer
LogPluginManager: Mounting plugin AndroidPermission
LogPluginManager: Mounting plugin AppleImageUtils
LogPluginManager: Mounting plugin AppleMoviePlayer
LogPluginManager: Mounting plugin ArchVisCharacter
LogPluginManager: Mounting plugin AssetTags
LogPluginManager: Mounting plugin AudioCapture
LogPluginManager: Mounting plugin CableComponent
LogPluginManager: Mounting plugin CustomMeshComponent
LogPluginManager: Mounting plugin EditableMesh
LogPluginManager: Mounting plugin ExampleDeviceProfileSelector
LogPluginManager: Mounting plugin GoogleCloudMessaging
LogPluginManager: Mounting plugin IOSDeviceProfileSelector
LogPluginManager: Mounting plugin LinuxDeviceProfileSelector
LogPluginManager: Mounting plugin LocationServicesBPLibrary
LogPluginManager: Mounting plugin MobilePatchingUtils
LogPluginManager: Mounting plugin OculusVR
LogPluginManager: Mounting plugin PhysXVehicles
LogPluginManager: Mounting plugin PostSplashScreen
LogPluginManager: Mounting plugin ProceduralMeshComponent
LogPluginManager: Mounting plugin RuntimePhysXCooking
LogPluginManager: Mounting plugin SignificanceManager
LogPluginManager: Mounting plugin SteamVR
LogPluginManager: Mounting plugin WebMMoviePlayer
LogPluginManager: Mounting plugin WindowsMoviePlayer
LogPluginManager: Mounting plugin ScreenshotTools
LogInit: Using libcurl 7.55.1-DEV
LogInit:  - built for x86_64-pc-win32
LogInit:  - supports SSL with OpenSSL/1.1.1
LogInit:  - supports HTTP deflate (compression) using libz 1.2.8
LogInit:  - other features:
LogInit:      CURL_VERSION_SSL
LogInit:      CURL_VERSION_LIBZ
LogInit:      CURL_VERSION_IPV6
LogInit:      CURL_VERSION_ASYNCHDNS
LogInit:      CURL_VERSION_LARGEFILE
LogInit:      CURL_VERSION_IDN
LogInit:  CurlRequestOptions (configurable via config and command line):
LogInit:  - bVerifyPeer = true  - Libcurl will verify peer certificate
LogInit:  - bUseHttpProxy = false  - Libcurl will NOT use HTTP proxy
LogInit:  - bDontReuseConnections = false  - Libcurl will reuse connections
LogInit:  - MaxHostConnections = 16  - Libcurl will limit the number of connections to a host
LogInit:  - LocalHostAddr = Default
LogInit:  - BufferSize = 65536
LogOnline: OSS: Creating online subsystem instance for: NULL
LogInit: WinSock: version 1.1 (2.2), MaxSocks=32767, MaxUdp=65467
LogOnline: OSS: TryLoadSubsystemAndSetDefault: Loaded subsystem for module [NULL]
LogInit: Build: ++UE4+Release-4.24-CL-11590370
LogInit: Engine Version: 4.24.3-11590370+++UE4+Release-4.24
LogInit: Compatible Engine Version: 4.24.0-10570792+++UE4+Release-4.24
LogInit: Net CL: 10570792
LogInit: OS: Windows 10 (Release 1909) (), CPU: Intel(R) Core(TM) i5-8265U CPU @ 1.60GHz, GPU: Intel(R) UHD Graphics 620
LogInit: Compiled (64-bit): Feb 24 2020 15:39:18
LogInit: Compiled with Visual C++: 19.16.27032.01
LogInit: Build Configuration: Development
LogInit: Branch Name: ++UE4+Release-4.24
LogInit: Command Line:  -EpicPortal -epicusername=AkuG18 -epicuserid=a00cb540850f40ee99f12e3c2e119581 -epiclocale=en
LogInit: Base Directory: C:/Program Files/Epic Games/UE_4.24/Engine/Binaries/Win64/
LogInit: Installed Engine Build: 1
LogDevObjectVersion: Number of dev versions registered: 25
LogDevObjectVersion:   Dev-Blueprints (B0D832E4-1F89-4F0D-ACCF-7EB736FD4AA2): 10
LogDevObjectVersion:   Dev-Build (E1C64328-A22C-4D53-A36C-8E866417BD8C): 0
LogDevObjectVersion:   Dev-Core (375EC13C-06E4-48FB-B500-84F0262A717E): 3
LogDevObjectVersion:   Dev-Editor (E4B068ED-F494-42E9-A231-DA0B2E46BB41): 37
LogDevObjectVersion:   Dev-Framework (CFFC743F-43B0-4480-9391-14DF171D2073): 36
LogDevObjectVersion:   Dev-Mobile (B02B49B5-BB20-44E9-A304-32B752E40360): 2
LogDevObjectVersion:   Dev-Networking (A4E4105C-59A1-49B5-A7C5-40C4547EDFEE): 0
LogDevObjectVersion:   Dev-Online (39C831C9-5AE6-47DC-9A44-9C173E1C8E7C): 0
LogDevObjectVersion:   Dev-Physics (78F01B33-EBEA-4F98-B9B4-84EACCB95AA2): 2
LogDevObjectVersion:   Dev-Platform (6631380F-2D4D-43E0-8009-CF276956A95A): 0
LogDevObjectVersion:   Dev-Rendering (12F88B9F-8875-4AFC-A67C-D90C383ABD29): 36
LogDevObjectVersion:   Dev-Sequencer (7B5AE74C-D270-4C10-A958-57980B212A5A): 11
LogDevObjectVersion:   Dev-VR (D7296918-1DD6-4BDD-9DE2-64A83CC13884): 2
LogDevObjectVersion:   Dev-LoadTimes (C2A15278-BFE7-4AFE-6C17-90FF531DF755): 1
LogDevObjectVersion:   Private-Geometry (6EACA3D4-40EC-4CC1-B786-8BED09428FC5): 3
LogDevObjectVersion:   Dev-AnimPhys (29E575DD-E0A3-4627-9D10-D276232CDCEA): 17
LogDevObjectVersion:   Dev-Anim (AF43A65D-7FD3-4947-9873-3E8ED9C1BB05): 2
LogDevObjectVersion:   Dev-ReflectionCapture (6B266CEC-1EC7-4B8F-A30B-E4D90942FC07): 1
LogDevObjectVersion:   Dev-Automation (0DF73D61-A23F-47EA-B727-89E90C41499A): 1
LogDevObjectVersion:   FortniteMain (601D1886-AC64-4F84-AA16-D3DE0DEAC7D6): 31
LogDevObjectVersion:   Dev-Enterprise (9DFFBCD6-494F-0158-E221-12823C92A888): 8
LogDevObjectVersion:   Dev-Niagara (F2AED0AC-9AFE-416F-8664-AA7FFA26D6FC): 1
LogDevObjectVersion:   Dev-Destruction (174F1F0B-B4C6-45A5-B13F-2EE8D0FB917D): 9
LogDevObjectVersion:   Dev-Physics-Ext (35F94A83-E258-406C-A318-09F59610247C): 8
LogDevObjectVersion:   Dev-CineCamera (B2E18506-4273-CFC2-A54E-F4BB758BBA07): 1
LogInit: Presizing for max 25165824 objects, including 0 objects not considered by GC, pre-allocating 0 bytes for permanent pool.
LogInit: Object subsystem initialized
LogConfig: Setting CVar [[con.DebugEarlyDefault:1]]
LogConfig: Setting CVar [[r.setres:1280x720]]
[2020.05.16-13.56.41:664][  0]LogConfig: Setting CVar [[r.VSync:0]]
[2020.05.16-13.56.41:664][  0]LogConfig: Setting CVar [[r.RHICmdBypass:0]]
[2020.05.16-13.56.41:664][  0]LogConfig: Applying CVar settings from Section [/Script/Engine.RendererSettings] File [D:/Documents/GitHub/FrightNight/Saved/Config/Windows/Engine.ini]
[2020.05.16-13.56.41:664][  0]LogConfig: Setting CVar [[r.GPUCrashDebugging:0]]
[2020.05.16-13.56.41:664][  0]LogConfig: Setting CVar [[r.SkinCache.CompileShaders:1]]
[2020.05.16-13.56.41:664][  0]LogConfig: Setting CVar [[r.RayTracing:1]]
[2020.05.16-13.56.41:664][  0]LogConfig: Applying CVar settings from Section [/Script/Engine.RendererOverrideSettings] File [D:/Documents/GitHub/FrightNight/Saved/Config/Windows/Engine.ini]
[2020.05.16-13.56.41:664][  0]LogConfig: Applying CVar settings from Section [/Script/Engine.StreamingSettings] File [D:/Documents/GitHub/FrightNight/Saved/Config/Windows/Engine.ini]
[2020.05.16-13.56.41:664][  0]LogConfig: Setting CVar [[s.MinBulkDataSizeForAsyncLoading:131072]]
[2020.05.16-13.56.41:664][  0]LogConfig: Setting CVar [[s.AsyncLoadingThreadEnabled:0]]
[2020.05.16-13.56.41:664][  0]LogConfig: Setting CVar [[s.EventDrivenLoaderEnabled:1]]
[2020.05.16-13.56.41:664][  0]LogConfig: Setting CVar [[s.WarnIfTimeLimitExceeded:0]]
[2020.05.16-13.56.41:664][  0]LogConfig: Setting CVar [[s.TimeLimitExceededMultiplier:1.5]]
[2020.05.16-13.56.41:664][  0]LogConfig: Setting CVar [[s.TimeLimitExceededMinTime:0.005]]
[2020.05.16-13.56.41:664][  0]LogConfig: Setting CVar [[s.UseBackgroundLevelStreaming:1]]
[2020.05.16-13.56.41:664][  0]LogConfig: Setting CVar [[s.PriorityAsyncLoadingExtraTime:15.0]]
[2020.05.16-13.56.41:664][  0]LogConfig: Setting CVar [[s.LevelStreamingActorsUpdateTimeLimit:5.0]]
[2020.05.16-13.56.41:664][  0]LogConfig: Setting CVar [[s.PriorityLevelStreamingActorsUpdateExtraTime:5.0]]
[2020.05.16-13.56.41:664][  0]LogConfig: Setting CVar [[s.LevelStreamingComponentsRegistrationGranularity:10]]
[2020.05.16-13.56.41:664][  0]LogConfig: Setting CVar [[s.UnregisterComponentsTimeLimit:1.0]]
[2020.05.16-13.56.41:664][  0]LogConfig: Setting CVar [[s.LevelStreamingComponentsUnregistrationGranularity:5]]
[2020.05.16-13.56.41:664][  0]LogConfig: Setting CVar [[s.FlushStreamingOnExit:1]]
[2020.05.16-13.56.41:664][  0]LogConfig: Applying CVar settings from Section [/Script/Engine.GarbageCollectionSettings] File [D:/Documents/GitHub/FrightNight/Saved/Config/Windows/Engine.ini]
[2020.05.16-13.56.41:664][  0]LogConfig: Setting CVar [[gc.MaxObjectsNotConsideredByGC:1]]
[2020.05.16-13.56.41:664][  0]LogConfig: Setting CVar [[gc.SizeOfPermanentObjectPool:0]]
[2020.05.16-13.56.41:664][  0]LogConfig: Setting CVar [[gc.FlushStreamingOnGC:0]]
[2020.05.16-13.56.41:664][  0]LogConfig: Setting CVar [[gc.NumRetriesBeforeForcingGC:10]]
[2020.05.16-13.56.41:664][  0]LogConfig: Setting CVar [[gc.AllowParallelGC:1]]
[2020.05.16-13.56.41:664][  0]LogConfig: Setting CVar [[gc.TimeBetweenPurgingPendingKillObjects:61.1]]
[2020.05.16-13.56.41:664][  0]LogConfig: Setting CVar [[gc.MaxObjectsInEditor:25165824]]
[2020.05.16-13.56.41:664][  0]LogConfig: Setting CVar [[gc.IncrementalBeginDestroyEnabled:1]]
[2020.05.16-13.56.41:664][  0]LogConfig: Setting CVar [[gc.CreateGCClusters:1]]
[2020.05.16-13.56.41:664][  0]LogConfig: Setting CVar [[gc.MinGCClusterSize:5]]
[2020.05.16-13.56.41:664][  0]LogConfig: Setting CVar [[gc.ActorClusteringEnabled:0]]
[2020.05.16-13.56.41:664][  0]LogConfig: Setting CVar [[gc.BlueprintClusteringEnabled:0]]
[2020.05.16-13.56.41:664][  0]LogConfig: Setting CVar [[gc.UseDisregardForGCOnDedicatedServers:0]]
[2020.05.16-13.56.41:664][  0]LogConfig: Applying CVar settings from Section [/Script/Engine.NetworkSettings] File [D:/Documents/GitHub/FrightNight/Saved/Config/Windows/Engine.ini]
[2020.05.16-13.56.41:664][  0]LogConfig: Applying CVar settings from Section [/Script/UnrealEd.CookerSettings] File [D:/Documents/GitHub/FrightNight/Saved/Config/Windows/Engine.ini]
[2020.05.16-13.56.41:667][  0]LogConfig: Applying CVar settings from Section [ViewDistanceQuality@3] File [D:/Documents/GitHub/FrightNight/Saved/Config/Windows/Scalability.ini]
[2020.05.16-13.56.41:667][  0]LogConfig: Setting CVar [[r.SkeletalMeshLODBias:0]]
[2020.05.16-13.56.41:667][  0]LogConfig: Setting CVar [[r.ViewDistanceScale:1.0]]
[2020.05.16-13.56.41:667][  0]LogConfig: Applying CVar settings from Section [AntiAliasingQuality@3] File [D:/Documents/GitHub/FrightNight/Saved/Config/Windows/Scalability.ini]
[2020.05.16-13.56.41:667][  0]LogConfig: Setting CVar [[r.PostProcessAAQuality:4]]
[2020.05.16-13.56.41:667][  0]LogConfig: Applying CVar settings from Section [ShadowQuality@3] File [D:/Documents/GitHub/FrightNight/Saved/Config/Windows/Scalability.ini]
[2020.05.16-13.56.41:667][  0]LogConfig: Setting CVar [[r.LightFunctionQuality:1]]
[2020.05.16-13.56.41:667][  0]LogConfig: Setting CVar [[r.ShadowQuality:5]]
[2020.05.16-13.56.41:667][  0]LogConfig: Setting CVar [[r.Shadow.CSM.MaxCascades:10]]
[2020.05.16-13.56.41:667][  0]LogConfig: Setting CVar [[r.Shadow.MaxResolution:2048]]
[2020.05.16-13.56.41:667][  0]LogConfig: Setting CVar [[r.Shadow.MaxCSMResolution:2048]]
[2020.05.16-13.56.41:667][  0]LogConfig: Setting CVar [[r.Shadow.RadiusThreshold:0.01]]
[2020.05.16-13.56.41:667][  0]LogConfig: Setting CVar [[r.Shadow.DistanceScale:1.0]]
[2020.05.16-13.56.41:667][  0]LogConfig: Setting CVar [[r.Shadow.CSM.TransitionScale:1.0]]
[2020.05.16-13.56.41:667][  0]LogConfig: Setting CVar [[r.Shadow.PreShadowResolutionFactor:1.0]]
[2020.05.16-13.56.41:667][  0]LogConfig: Setting CVar [[r.DistanceFieldShadowing:1]]
[2020.05.16-13.56.41:667][  0]LogConfig: Setting CVar [[r.DistanceFieldAO:1]]
[2020.05.16-13.56.41:667][  0]LogConfig: Setting CVar [[r.AOQuality:2]]
[2020.05.16-13.56.41:667][  0]LogConfig: Setting CVar [[r.VolumetricFog:1]]
[2020.05.16-13.56.41:667][  0]LogConfig: Setting CVar [[r.VolumetricFog.GridPixelSize:8]]
[2020.05.16-13.56.41:667][  0]LogConfig: Setting CVar [[r.VolumetricFog.GridSizeZ:128]]
[2020.05.16-13.56.41:667][  0]LogConfig: Setting CVar [[r.VolumetricFog.HistoryMissSupersampleCount:4]]
[2020.05.16-13.56.41:667][  0]LogConfig: Setting CVar [[r.LightMaxDrawDistanceScale:1]]
[2020.05.16-13.56.41:667][  0]LogConfig: Setting CVar [[r.CapsuleShadows:1]]
[2020.05.16-13.56.41:667][  0]LogConfig: Applying CVar settings from Section [PostProcessQuality@3] File [D:/Documents/GitHub/FrightNight/Saved/Config/Windows/Scalability.ini]
[2020.05.16-13.56.41:667][  0]LogConfig: Setting CVar [[r.MotionBlurQuality:4]]
[2020.05.16-13.56.41:667][  0]LogConfig: Setting CVar [[r.AmbientOcclusionMipLevelFactor:0.4]]
[2020.05.16-13.56.41:667][  0]LogConfig: Setting CVar [[r.AmbientOcclusionMaxQuality:100]]
[2020.05.16-13.56.41:667][  0]LogConfig: Setting CVar [[r.AmbientOcclusionLevels:-1]]
[2020.05.16-13.56.41:667][  0]LogConfig: Setting CVar [[r.AmbientOcclusionRadiusScale:1.0]]
[2020.05.16-13.56.41:667][  0]LogConfig: Setting CVar [[r.DepthOfFieldQuality:2]]
[2020.05.16-13.56.41:667][  0]LogConfig: Setting CVar [[r.RenderTargetPoolMin:400]]
[2020.05.16-13.56.41:667][  0]LogConfig: Setting CVar [[r.LensFlareQuality:2]]
[2020.05.16-13.56.41:667][  0]LogConfig: Setting CVar [[r.SceneColorFringeQuality:1]]
[2020.05.16-13.56.41:667][  0]LogConfig: Setting CVar [[r.EyeAdaptationQuality:2]]
[2020.05.16-13.56.41:667][  0]LogConfig: Setting CVar [[r.BloomQuality:5]]
[2020.05.16-13.56.41:667][  0]LogConfig: Setting CVar [[r.FastBlurThreshold:100]]
[2020.05.16-13.56.41:667][  0]LogConfig: Setting CVar [[r.Upscale.Quality:3]]
[2020.05.16-13.56.41:667][  0]LogConfig: Setting CVar [[r.Tonemapper.GrainQuantization:1]]
[2020.05.16-13.56.41:667][  0]LogConfig: Setting CVar [[r.LightShaftQuality:1]]
[2020.05.16-13.56.41:667][  0]LogConfig: Setting CVar [[r.Filter.SizeScale:1]]
[2020.05.16-13.56.41:667][  0]LogConfig: Setting CVar [[r.Tonemapper.Quality:5]]
[2020.05.16-13.56.41:667][  0]LogConfig: Setting CVar [[r.DOF.Gather.AccumulatorQuality:1        ; higher gathering accumulator quality]]
[2020.05.16-13.56.41:667][  0]LogConfig: Setting CVar [[r.DOF.Gather.PostfilterMethod:1          ; Median3x3 postfilering method]]
[2020.05.16-13.56.41:667][  0]LogConfig: Setting CVar [[r.DOF.Gather.EnableBokehSettings:0       ; no bokeh simulation when gathering]]
[2020.05.16-13.56.41:667][  0]LogConfig: Setting CVar [[r.DOF.Gather.RingCount:4                 ; medium number of samples when gathering]]
[2020.05.16-13.56.41:667][  0]LogConfig: Setting CVar [[r.DOF.Scatter.ForegroundCompositing:1    ; additive foreground scattering]]
[2020.05.16-13.56.41:667][  0]LogConfig: Setting CVar [[r.DOF.Scatter.BackgroundCompositing:2    ; additive background scattering]]
[2020.05.16-13.56.41:667][  0]LogConfig: Setting CVar [[r.DOF.Scatter.EnableBokehSettings:1      ; bokeh simulation when scattering]]
[2020.05.16-13.56.41:667][  0]LogConfig: Setting CVar [[r.DOF.Scatter.MaxSpriteRatio:0.1         ; only a maximum of 10% of scattered bokeh]]
[2020.05.16-13.56.41:667][  0]LogConfig: Setting CVar [[r.DOF.Recombine.Quality:1                ; cheap slight out of focus]]
[2020.05.16-13.56.41:667][  0]LogConfig: Setting CVar [[r.DOF.Recombine.EnableBokehSettings:0    ; no bokeh simulation on slight out of focus]]
[2020.05.16-13.56.41:667][  0]LogConfig: Setting CVar [[r.DOF.TemporalAAQuality:1                ; more stable temporal accumulation]]
[2020.05.16-13.56.41:667][  0]LogConfig: Setting CVar [[r.DOF.Kernel.MaxForegroundRadius:0.025]]
[2020.05.16-13.56.41:668][  0]LogConfig: Setting CVar [[r.DOF.Kernel.MaxBackgroundRadius:0.025]]
[2020.05.16-13.56.41:668][  0]LogConfig: Applying CVar settings from Section [TextureQuality@3] File [D:/Documents/GitHub/FrightNight/Saved/Config/Windows/Scalability.ini]
[2020.05.16-13.56.41:668][  0]LogConfig: Setting CVar [[r.Streaming.MipBias:0]]
[2020.05.16-13.56.41:668][  0]LogConfig: Setting CVar [[r.Streaming.AmortizeCPUToGPUCopy:0]]
[2020.05.16-13.56.41:668][  0]LogConfig: Setting CVar [[r.Streaming.MaxNumTexturesToStreamPerFrame:0]]
[2020.05.16-13.56.41:668][  0]LogConfig: Setting CVar [[r.Streaming.Boost:1]]
[2020.05.16-13.56.41:668][  0]LogConfig: Setting CVar [[r.MaxAnisotropy:8]]
[2020.05.16-13.56.41:668][  0]LogConfig: Setting CVar [[r.VT.MaxAnisotropy:8]]
[2020.05.16-13.56.41:668][  0]LogConfig: Setting CVar [[r.Streaming.LimitPoolSizeToVRAM:0]]
[2020.05.16-13.56.41:668][  0]LogConfig: Setting CVar [[r.Streaming.PoolSize:1000]]
[2020.05.16-13.56.41:668][  0]LogConfig: Setting CVar [[r.Streaming.MaxEffectiveScreenSize:0]]
[2020.05.16-13.56.41:668][  0]LogConfig: Applying CVar settings from Section [EffectsQuality@3] File [D:/Documents/GitHub/FrightNight/Saved/Config/Windows/Scalability.ini]
[2020.05.16-13.56.41:668][  0]LogConfig: Setting CVar [[r.TranslucencyLightingVolumeDim:64]]
[2020.05.16-13.56.41:668][  0]LogConfig: Setting CVar [[r.RefractionQuality:2]]
[2020.05.16-13.56.41:668][  0]LogConfig: Setting CVar [[r.SSR.Quality:3]]
[2020.05.16-13.56.41:668][  0]LogConfig: Setting CVar [[r.SSR.HalfResSceneColor:0]]
[2020.05.16-13.56.41:668][  0]LogConfig: Setting CVar [[r.SceneColorFormat:4]]
[2020.05.16-13.56.41:668][  0]LogConfig: Setting CVar [[r.DetailMode:2]]
[2020.05.16-13.56.41:668][  0]LogConfig: Setting CVar [[r.TranslucencyVolumeBlur:1]]
[2020.05.16-13.56.41:668][  0]LogConfig: Setting CVar [[r.MaterialQualityLevel:1 ; High quality]]
[2020.05.16-13.56.41:668][  0]LogConfig: Setting CVar [[r.SSS.Scale:1]]
[2020.05.16-13.56.41:668][  0]LogConfig: Setting CVar [[r.SSS.SampleSet:2]]
[2020.05.16-13.56.41:668][  0]LogConfig: Setting CVar [[r.SSS.Quality:1]]
[2020.05.16-13.56.41:668][  0]LogConfig: Setting CVar [[r.SSS.HalfRes:1]]
[2020.05.16-13.56.41:668][  0]LogConfig: Setting CVar [[r.SSGI.Quality:3]]
[2020.05.16-13.56.41:668][  0]LogConfig: Setting CVar [[r.EmitterSpawnRateScale:1.0]]
[2020.05.16-13.56.41:668][  0]LogConfig: Setting CVar [[r.ParticleLightQuality:2]]
[2020.05.16-13.56.41:668][  0]LogConfig: Setting CVar [[r.SkyAtmosphere.AerialPerspectiveLUT.FastApplyOnOpaque:1 ; Always have FastSkyLUT 1 in this case to avoid wrong sky]]
[2020.05.16-13.56.41:668][  0]LogConfig: Setting CVar [[r.SkyAtmosphere.AerialPerspectiveLUT.SampleCountPerSlice:1]]
[2020.05.16-13.56.41:668][  0]LogConfig: Setting CVar [[r.SkyAtmosphere.AerialPerspectiveLUT.DepthResolution:16.0]]
[2020.05.16-13.56.41:668][  0]LogConfig: Setting CVar [[r.SkyAtmosphere.FastSkyLUT:1]]
[2020.05.16-13.56.41:668][  0]LogConfig: Setting CVar [[r.SkyAtmosphere.FastSkyLUT.SampleCountMin:4.0]]
[2020.05.16-13.56.41:668][  0]LogConfig: Setting CVar [[r.SkyAtmosphere.FastSkyLUT.SampleCountMax:32.0]]
[2020.05.16-13.56.41:668][  0]LogConfig: Setting CVar [[r.SkyAtmosphere.SampleCountMin:4.0]]
[2020.05.16-13.56.41:668][  0]LogConfig: Setting CVar [[r.SkyAtmosphere.SampleCountMax:32.0]]
[2020.05.16-13.56.41:668][  0]LogConfig: Setting CVar [[r.SkyAtmosphere.TransmittanceLUT.UseSmallFormat:0]]
[2020.05.16-13.56.41:668][  0]LogConfig: Setting CVar [[r.SkyAtmosphere.TransmittanceLUT.SampleCount:10.0]]
[2020.05.16-13.56.41:668][  0]LogConfig: Setting CVar [[r.SkyAtmosphere.MultiScatteringLUT.SampleCount:15.0]]
[2020.05.16-13.56.41:668][  0]LogConfig: Applying CVar settings from Section [FoliageQuality@3] File [D:/Documents/GitHub/FrightNight/Saved/Config/Windows/Scalability.ini]
[2020.05.16-13.56.41:668][  0]LogConfig: Setting CVar [[foliage.DensityScale:1.0]]
[2020.05.16-13.56.41:668][  0]LogConfig: Setting CVar [[grass.DensityScale:1.0]]
[2020.05.16-13.56.41:668][  0]LogConfig: Applying CVar settings from Section [ShadingQuality@3] File [D:/Documents/GitHub/FrightNight/Saved/Config/Windows/Scalability.ini]
[2020.05.16-13.56.41:668][  0]LogConfig: Setting CVar [[r.HairStrands.SkyLighting.SampleCount:16]]
[2020.05.16-13.56.41:668][  0]LogConfig: Setting CVar [[r.HairStrands.SkyLighting.JitterIntegration:0]]
[2020.05.16-13.56.41:668][  0]LogConfig: Setting CVar [[r.HairStrands.SkyAO.SampleCount:16]]
[2020.05.16-13.56.41:668][  0]LogInit: Selected Device Profile: [Windows]
[2020.05.16-13.56.41:668][  0]LogInit: Applying CVar settings loaded from the selected device profile: [Windows]
[2020.05.16-13.56.41:671][  0]LogHAL: Display: Platform has ~ 8 GB [8471760896 / 8589934592 / 8], which maps to Default [LargestMinGB=32, LargerMinGB=12, DefaultMinGB=8, SmallerMinGB=6, SmallestMinGB=0)
[2020.05.16-13.56.41:671][  0]LogInit: Going up to parent DeviceProfile []
[2020.05.16-13.56.41:672][  0]LogConfig: Applying CVar settings from Section [ViewDistanceQuality@3] File [D:/Documents/GitHub/FrightNight/Saved/Config/Windows/Scalability.ini]
[2020.05.16-13.56.41:672][  0]LogConfig: Setting CVar [[r.SkeletalMeshLODBias:0]]
[2020.05.16-13.56.41:672][  0]LogConfig: Setting CVar [[r.ViewDistanceScale:1.0]]
[2020.05.16-13.56.41:672][  0]LogConfig: Applying CVar settings from Section [AntiAliasingQuality@3] File [D:/Documents/GitHub/FrightNight/Saved/Config/Windows/Scalability.ini]
[2020.05.16-13.56.41:672][  0]LogConfig: Setting CVar [[r.PostProcessAAQuality:4]]
[2020.05.16-13.56.41:672][  0]LogConfig: Applying CVar settings from Section [ShadowQuality@3] File [D:/Documents/GitHub/FrightNight/Saved/Config/Windows/Scalability.ini]
[2020.05.16-13.56.41:672][  0]LogConfig: Setting CVar [[r.LightFunctionQuality:1]]
[2020.05.16-13.56.41:672][  0]LogConfig: Setting CVar [[r.ShadowQuality:5]]
[2020.05.16-13.56.41:672][  0]LogConfig: Setting CVar [[r.Shadow.CSM.MaxCascades:10]]
[2020.05.16-13.56.41:672][  0]LogConfig: Setting CVar [[r.Shadow.MaxResolution:2048]]
[2020.05.16-13.56.41:672][  0]LogConfig: Setting CVar [[r.Shadow.MaxCSMResolution:2048]]
[2020.05.16-13.56.41:672][  0]LogConfig: Setting CVar [[r.Shadow.RadiusThreshold:0.01]]
[2020.05.16-13.56.41:672][  0]LogConfig: Setting CVar [[r.Shadow.DistanceScale:1.0]]
[2020.05.16-13.56.41:672][  0]LogConfig: Setting CVar [[r.Shadow.CSM.TransitionScale:1.0]]
[2020.05.16-13.56.41:672][  0]LogConfig: Setting CVar [[r.Shadow.PreShadowResolutionFactor:1.0]]
[2020.05.16-13.56.41:672][  0]LogConfig: Setting CVar [[r.DistanceFieldShadowing:1]]
[2020.05.16-13.56.41:672][  0]LogConfig: Setting CVar [[r.DistanceFieldAO:1]]
[2020.05.16-13.56.41:672][  0]LogConfig: Setting CVar [[r.AOQuality:2]]
[2020.05.16-13.56.41:672][  0]LogConfig: Setting CVar [[r.VolumetricFog:1]]
[2020.05.16-13.56.41:672][  0]LogConfig: Setting CVar [[r.VolumetricFog.GridPixelSize:8]]
[2020.05.16-13.56.41:672][  0]LogConfig: Setting CVar [[r.VolumetricFog.GridSizeZ:128]]
[2020.05.16-13.56.41:672][  0]LogConfig: Setting CVar [[r.VolumetricFog.HistoryMissSupersampleCount:4]]
[2020.05.16-13.56.41:672][  0]LogConfig: Setting CVar [[r.LightMaxDrawDistanceScale:1]]
[2020.05.16-13.56.41:672][  0]LogConfig: Setting CVar [[r.CapsuleShadows:1]]
[2020.05.16-13.56.41:672][  0]LogConfig: Applying CVar settings from Section [PostProcessQuality@3] File [D:/Documents/GitHub/FrightNight/Saved/Config/Windows/Scalability.ini]
[2020.05.16-13.56.41:672][  0]LogConfig: Setting CVar [[r.MotionBlurQuality:4]]
[2020.05.16-13.56.41:672][  0]LogConfig: Setting CVar [[r.AmbientOcclusionMipLevelFactor:0.4]]
[2020.05.16-13.56.41:672][  0]LogConfig: Setting CVar [[r.AmbientOcclusionMaxQuality:100]]
[2020.05.16-13.56.41:672][  0]LogConfig: Setting CVar [[r.AmbientOcclusionLevels:-1]]
[2020.05.16-13.56.41:672][  0]LogConfig: Setting CVar [[r.AmbientOcclusionRadiusScale:1.0]]
[2020.05.16-13.56.41:672][  0]LogConfig: Setting CVar [[r.DepthOfFieldQuality:2]]
[2020.05.16-13.56.41:672][  0]LogConfig: Setting CVar [[r.RenderTargetPoolMin:400]]
[2020.05.16-13.56.41:672][  0]LogConfig: Setting CVar [[r.LensFlareQuality:2]]
[2020.05.16-13.56.41:672][  0]LogConfig: Setting CVar [[r.SceneColorFringeQuality:1]]
[2020.05.16-13.56.41:672][  0]LogConfig: Setting CVar [[r.EyeAdaptationQuality:2]]
[2020.05.16-13.56.41:672][  0]LogConfig: Setting CVar [[r.BloomQuality:5]]
[2020.05.16-13.56.41:672][  0]LogConfig: Setting CVar [[r.FastBlurThreshold:100]]
[2020.05.16-13.56.41:672][  0]LogConfig: Setting CVar [[r.Upscale.Quality:3]]
[2020.05.16-13.56.41:672][  0]LogConfig: Setting CVar [[r.Tonemapper.GrainQuantization:1]]
[2020.05.16-13.56.41:672][  0]LogConfig: Setting CVar [[r.LightShaftQuality:1]]
[2020.05.16-13.56.41:672][  0]LogConfig: Setting CVar [[r.Filter.SizeScale:1]]
[2020.05.16-13.56.41:672][  0]LogConfig: Setting CVar [[r.Tonemapper.Quality:5]]
[2020.05.16-13.56.41:672][  0]LogConfig: Setting CVar [[r.DOF.Gather.AccumulatorQuality:1        ; higher gathering accumulator quality]]
[2020.05.16-13.56.41:672][  0]LogConfig: Setting CVar [[r.DOF.Gather.PostfilterMethod:1          ; Median3x3 postfilering method]]
[2020.05.16-13.56.41:672][  0]LogConfig: Setting CVar [[r.DOF.Gather.EnableBokehSettings:0       ; no bokeh simulation when gathering]]
[2020.05.16-13.56.41:672][  0]LogConfig: Setting CVar [[r.DOF.Gather.RingCount:4                 ; medium number of samples when gathering]]
[2020.05.16-13.56.41:672][  0]LogConfig: Setting CVar [[r.DOF.Scatter.ForegroundCompositing:1    ; additive foreground scattering]]
[2020.05.16-13.56.41:672][  0]LogConfig: Setting CVar [[r.DOF.Scatter.BackgroundCompositing:2    ; additive background scattering]]
[2020.05.16-13.56.41:672][  0]LogConfig: Setting CVar [[r.DOF.Scatter.EnableBokehSettings:1      ; bokeh simulation when scattering]]
[2020.05.16-13.56.41:672][  0]LogConfig: Setting CVar [[r.DOF.Scatter.MaxSpriteRatio:0.1         ; only a maximum of 10% of scattered bokeh]]
[2020.05.16-13.56.41:672][  0]LogConfig: Setting CVar [[r.DOF.Recombine.Quality:1                ; cheap slight out of focus]]
[2020.05.16-13.56.41:672][  0]LogConfig: Setting CVar [[r.DOF.Recombine.EnableBokehSettings:0    ; no bokeh simulation on slight out of focus]]
[2020.05.16-13.56.41:672][  0]LogConfig: Setting CVar [[r.DOF.TemporalAAQuality:1                ; more stable temporal accumulation]]
[2020.05.16-13.56.41:672][  0]LogConfig: Setting CVar [[r.DOF.Kernel.MaxForegroundRadius:0.025]]
[2020.05.16-13.56.41:672][  0]LogConfig: Setting CVar [[r.DOF.Kernel.MaxBackgroundRadius:0.025]]
[2020.05.16-13.56.41:672][  0]LogConfig: Applying CVar settings from Section [TextureQuality@3] File [D:/Documents/GitHub/FrightNight/Saved/Config/Windows/Scalability.ini]
[2020.05.16-13.56.41:672][  0]LogConfig: Setting CVar [[r.Streaming.MipBias:0]]
[2020.05.16-13.56.41:672][  0]LogConfig: Setting CVar [[r.Streaming.AmortizeCPUToGPUCopy:0]]
[2020.05.16-13.56.41:672][  0]LogConfig: Setting CVar [[r.Streaming.MaxNumTexturesToStreamPerFrame:0]]
[2020.05.16-13.56.41:672][  0]LogConfig: Setting CVar [[r.Streaming.Boost:1]]
[2020.05.16-13.56.41:672][  0]LogConfig: Setting CVar [[r.MaxAnisotropy:8]]
[2020.05.16-13.56.41:672][  0]LogConfig: Setting CVar [[r.VT.MaxAnisotropy:8]]
[2020.05.16-13.56.41:672][  0]LogConfig: Setting CVar [[r.Streaming.LimitPoolSizeToVRAM:0]]
[2020.05.16-13.56.41:672][  0]LogConfig: Setting CVar [[r.Streaming.PoolSize:1000]]
[2020.05.16-13.56.41:672][  0]LogConfig: Setting CVar [[r.Streaming.MaxEffectiveScreenSize:0]]
[2020.05.16-13.56.41:672][  0]LogConfig: Applying CVar settings from Section [EffectsQuality@3] File [D:/Documents/GitHub/FrightNight/Saved/Config/Windows/Scalability.ini]
[2020.05.16-13.56.41:672][  0]LogConfig: Setting CVar [[r.TranslucencyLightingVolumeDim:64]]
[2020.05.16-13.56.41:673][  0]LogConfig: Setting CVar [[r.RefractionQuality:2]]
[2020.05.16-13.56.41:673][  0]LogConfig: Setting CVar [[r.SSR.Quality:3]]
[2020.05.16-13.56.41:673][  0]LogConfig: Setting CVar [[r.SSR.HalfResSceneColor:0]]
[2020.05.16-13.56.41:673][  0]LogConfig: Setting CVar [[r.SceneColorFormat:4]]
[2020.05.16-13.56.41:673][  0]LogConfig: Setting CVar [[r.DetailMode:2]]
[2020.05.16-13.56.41:673][  0]LogConfig: Setting CVar [[r.TranslucencyVolumeBlur:1]]
[2020.05.16-13.56.41:673][  0]LogConfig: Setting CVar [[r.MaterialQualityLevel:1 ; High quality]]
[2020.05.16-13.56.41:673][  0]LogConfig: Setting CVar [[r.SSS.Scale:1]]
[2020.05.16-13.56.41:673][  0]LogConfig: Setting CVar [[r.SSS.SampleSet:2]]
[2020.05.16-13.56.41:673][  0]LogConfig: Setting CVar [[r.SSS.Quality:1]]
[2020.05.16-13.56.41:673][  0]LogConfig: Setting CVar [[r.SSS.HalfRes:1]]
[2020.05.16-13.56.41:673][  0]LogConfig: Setting CVar [[r.SSGI.Quality:3]]
[2020.05.16-13.56.41:673][  0]LogConfig: Setting CVar [[r.EmitterSpawnRateScale:1.0]]
[2020.05.16-13.56.41:673][  0]LogConfig: Setting CVar [[r.ParticleLightQuality:2]]
[2020.05.16-13.56.41:673][  0]LogConfig: Setting CVar [[r.SkyAtmosphere.AerialPerspectiveLUT.FastApplyOnOpaque:1 ; Always have FastSkyLUT 1 in this case to avoid wrong sky]]
[2020.05.16-13.56.41:673][  0]LogConfig: Setting CVar [[r.SkyAtmosphere.AerialPerspectiveLUT.SampleCountPerSlice:1]]
[2020.05.16-13.56.41:673][  0]LogConfig: Setting CVar [[r.SkyAtmosphere.AerialPerspectiveLUT.DepthResolution:16.0]]
[2020.05.16-13.56.41:673][  0]LogConfig: Setting CVar [[r.SkyAtmosphere.FastSkyLUT:1]]
[2020.05.16-13.56.41:673][  0]LogConfig: Setting CVar [[r.SkyAtmosphere.FastSkyLUT.SampleCountMin:4.0]]
[2020.05.16-13.56.41:673][  0]LogConfig: Setting CVar [[r.SkyAtmosphere.FastSkyLUT.SampleCountMax:32.0]]
[2020.05.16-13.56.41:673][  0]LogConfig: Setting CVar [[r.SkyAtmosphere.SampleCountMin:4.0]]
[2020.05.16-13.56.41:673][  0]LogConfig: Setting CVar [[r.SkyAtmosphere.SampleCountMax:32.0]]
[2020.05.16-13.56.41:673][  0]LogConfig: Setting CVar [[r.SkyAtmosphere.TransmittanceLUT.UseSmallFormat:0]]
[2020.05.16-13.56.41:673][  0]LogConfig: Setting CVar [[r.SkyAtmosphere.TransmittanceLUT.SampleCount:10.0]]
[2020.05.16-13.56.41:673][  0]LogConfig: Setting CVar [[r.SkyAtmosphere.MultiScatteringLUT.SampleCount:15.0]]
[2020.05.16-13.56.41:673][  0]LogConfig: Applying CVar settings from Section [FoliageQuality@3] File [D:/Documents/GitHub/FrightNight/Saved/Config/Windows/Scalability.ini]
[2020.05.16-13.56.41:673][  0]LogConfig: Setting CVar [[foliage.DensityScale:1.0]]
[2020.05.16-13.56.41:673][  0]LogConfig: Setting CVar [[grass.DensityScale:1.0]]
[2020.05.16-13.56.41:673][  0]LogConfig: Applying CVar settings from Section [ShadingQuality@3] File [D:/Documents/GitHub/FrightNight/Saved/Config/Windows/Scalability.ini]
[2020.05.16-13.56.41:673][  0]LogConfig: Setting CVar [[r.HairStrands.SkyLighting.SampleCount:16]]
[2020.05.16-13.56.41:673][  0]LogConfig: Setting CVar [[r.HairStrands.SkyLighting.JitterIntegration:0]]
[2020.05.16-13.56.41:673][  0]LogConfig: Setting CVar [[r.HairStrands.SkyAO.SampleCount:16]]
[2020.05.16-13.56.41:673][  0]LogConfig: Applying CVar settings from Section [Startup] File [../../../Engine/Config/ConsoleVariables.ini]
[2020.05.16-13.56.41:673][  0]LogConfig: Setting CVar [[net.UseAdaptiveNetUpdateFrequency:0]]
[2020.05.16-13.56.41:673][  0]LogConfig: Setting CVar [[p.chaos.AllowCreatePhysxBodies:1]]
[2020.05.16-13.56.41:673][  0]LogConfig: Applying CVar settings from Section [ConsoleVariables] File [D:/Documents/GitHub/FrightNight/Saved/Config/Windows/Engine.ini]
[2020.05.16-13.56.41:673][  0]LogInit: Computer: LAPTOP-JKN6FV9F
[2020.05.16-13.56.41:673][  0]LogInit: User: Aakash
[2020.05.16-13.56.41:673][  0]LogInit: CPU Page size=4096, Cores=4
[2020.05.16-13.56.41:673][  0]LogInit: High frequency timer resolution =10.000000 MHz
[2020.05.16-13.56.41:674][  0]LogMemory: Memory total: Physical=7.9GB (8GB approx)
[2020.05.16-13.56.41:674][  0]LogMemory: Platform Memory Stats for Windows
[2020.05.16-13.56.41:674][  0]LogMemory: Process Physical Memory: 103.98 MB used, 103.98 MB peak
[2020.05.16-13.56.41:674][  0]LogMemory: Process Virtual Memory: 100.71 MB used, 100.71 MB peak
[2020.05.16-13.56.41:674][  0]LogMemory: Physical Memory: 5437.06 MB used,  2642.24 MB free, 8079.30 MB total
[2020.05.16-13.56.41:674][  0]LogMemory: Virtual Memory: 5137.95 MB used,  134212592.00 MB free, 134217728.00 MB total
[2020.05.16-13.56.41:676][  0]LogWindows: WindowsPlatformFeatures enabled
[2020.05.16-13.56.41:694][  0]LogInit: Using OS detected language (en-US).
[2020.05.16-13.56.41:694][  0]LogInit: Using OS detected locale (en-IN).
[2020.05.16-13.56.41:695][  0]LogTextLocalizationManager: No specific localization for 'en-US' exists, so the 'en' localization will be used.
[2020.05.16-13.56.41:865][  0]LogInit: Setting process to per monitor DPI aware
[2020.05.16-13.56.41:898][  0]LogSlate: New Slate User Created.  User Index 0, Is Virtual User: 0
[2020.05.16-13.56.41:898][  0]LogSlate: Slate User Registered.  User Index 0, Is Virtual User: 0
[2020.05.16-13.56.42:055][  0]LogD3D12RHI: Aftermath initialized
[2020.05.16-13.56.42:055][  0]LogD3D12RHI: Loading WinPixEventRuntime.dll for PIX profiling (from ../../../Engine/Binaries/ThirdParty/Windows/DirectX/x64).
[2020.05.16-13.56.42:094][  0]LogHMD: Failed to initialize OpenVR with code 110
[2020.05.16-13.56.42:234][  0]LogD3D12RHI: Found D3D12 adapter 0: NVIDIA GeForce MX250 (Max supported Feature Level 12_1)
[2020.05.16-13.56.42:234][  0]LogD3D12RHI: Adapter has 1983MB of dedicated video memory, 0MB of dedicated system memory, and 4039MB of shared system memory, 1 output[s]
[2020.05.16-13.56.42:296][  0]LogD3D12RHI: Found D3D12 adapter 1: Intel(R) UHD Graphics 620 (Max supported Feature Level 12_1)
[2020.05.16-13.56.42:296][  0]LogD3D12RHI: Adapter has 128MB of dedicated video memory, 0MB of dedicated system memory, and 4039MB of shared system memory, 0 output[s]
[2020.05.16-13.56.42:318][  0]LogD3D12RHI: Found D3D12 adapter 2: Microsoft Basic Render Driver (Max supported Feature Level 12_1)
[2020.05.16-13.56.42:318][  0]LogD3D12RHI: Adapter has 0MB of dedicated video memory, 0MB of dedicated system memory, and 4039MB of shared system memory, 0 output[s]
[2020.05.16-13.56.42:318][  0]LogD3D12RHI: Forcing D3D12.AsyncDeferredDeletion=0 as a workaround for a deadlock.
[2020.05.16-13.56.42:318][  0]LogD3D12RHI: Chosen D3D12 Adapter Id = 0
[2020.05.16-13.56.42:359][  0]LogD3D12RHI: Emitting draw events for PIX profiling.
[2020.05.16-13.56.42:454][  0]LogD3D12RHI: The system supports ID3D12Device1.
[2020.05.16-13.56.42:454][  0]LogD3D12RHI: The system supports ID3D12Device2.
[2020.05.16-13.56.42:571][  0]LogD3D12RHI: Display: Not using pipeline state disk cache per r.D3D12.PSO.DiskCache=0
[2020.05.16-13.56.42:571][  0]LogD3D12RHI: Display: Not using driver-optimized pipeline state disk cache per r.D3D12.PSO.DriverOptimizedDiskCache=0
[2020.05.16-13.56.42:572][  0]LogD3D12RHI:     GPU DeviceId: 0x1d13 (for the marketing name, search the web for "GPU Device Id")
[2020.05.16-13.56.42:572][  0]LogWindows: EnumDisplayDevices:
[2020.05.16-13.56.42:572][  0]LogWindows:    0. 'Intel(R) UHD Graphics 620' (P:1 D:1)
[2020.05.16-13.56.42:572][  0]LogWindows:    1. 'Intel(R) UHD Graphics 620' (P:0 D:0)
[2020.05.16-13.56.42:573][  0]LogWindows:    2. 'Intel(R) UHD Graphics 620' (P:0 D:0)
[2020.05.16-13.56.42:573][  0]LogWindows: DebugString: PrimaryIsNotTheChoosenAdapter PrimaryIsNotTheChoosenAdapter PrimaryIsNotTheChoosenAdapter FoundDriverCount:0 
[2020.05.16-13.56.42:573][  0]LogD3D12RHI:     Adapter Name: NVIDIA GeForce MX250
[2020.05.16-13.56.42:573][  0]LogD3D12RHI:   Driver Version: Unknown (internal:Unknown, unified:Unknown)
[2020.05.16-13.56.42:573][  0]LogD3D12RHI:      Driver Date: Unknown
[2020.05.16-13.56.42:573][  0]LogRHI: Texture pool is 1062 MB (70% of 1517 MB)
[2020.05.16-13.56.42:573][  0]LogD3D12RHI: Async texture creation enabled
[2020.05.16-13.56.42:573][  0]LogD3D12RHI: RHI has support for 64 bit atomics
[2020.05.16-13.56.42:955][  0]LogTargetPlatformManager: Display: Loaded TargetPlatform 'AllDesktop'
[2020.05.16-13.56.42:994][  0]LogTargetPlatformManager: Display: Loaded TargetPlatform 'Android'
[2020.05.16-13.56.42:994][  0]LogTargetPlatformManager: Display: Loaded TargetPlatform 'Android_ASTC'
[2020.05.16-13.56.42:994][  0]LogTargetPlatformManager: Display: Loaded TargetPlatform 'Android_ATC'
[2020.05.16-13.56.42:994][  0]LogTargetPlatformManager: Display: Loaded TargetPlatform 'Android_DXT'
[2020.05.16-13.56.42:994][  0]LogTargetPlatformManager: Display: Loaded TargetPlatform 'Android_ETC1'
[2020.05.16-13.56.42:994][  0]LogTargetPlatformManager: Display: Loaded TargetPlatform 'Android_ETC1a'
[2020.05.16-13.56.42:994][  0]LogTargetPlatformManager: Display: Loaded TargetPlatform 'Android_ETC2'
[2020.05.16-13.56.42:994][  0]LogTargetPlatformManager: Display: Loaded TargetPlatform 'Android_PVRTC'
[2020.05.16-13.56.42:994][  0]LogTargetPlatformManager: Display: Loaded TargetPlatform 'AndroidClient'
[2020.05.16-13.56.42:994][  0]LogTargetPlatformManager: Display: Loaded TargetPlatform 'Android_ASTCClient'
[2020.05.16-13.56.42:994][  0]LogTargetPlatformManager: Display: Loaded TargetPlatform 'Android_ATCClient'
[2020.05.16-13.56.42:994][  0]LogTargetPlatformManager: Display: Loaded TargetPlatform 'Android_DXTClient'
[2020.05.16-13.56.42:994][  0]LogTargetPlatformManager: Display: Loaded TargetPlatform 'Android_ETC1Client'
[2020.05.16-13.56.42:994][  0]LogTargetPlatformManager: Display: Loaded TargetPlatform 'Android_ETC1aClient'
[2020.05.16-13.56.42:994][  0]LogTargetPlatformManager: Display: Loaded TargetPlatform 'Android_ETC2Client'
[2020.05.16-13.56.42:994][  0]LogTargetPlatformManager: Display: Loaded TargetPlatform 'Android_PVRTCClient'
[2020.05.16-13.56.42:994][  0]LogTargetPlatformManager: Display: Loaded TargetPlatform 'Android_Multi'
[2020.05.16-13.56.42:994][  0]LogTargetPlatformManager: Display: Loaded TargetPlatform 'Android_MultiClient'
[2020.05.16-13.56.43:017][  0]LogTargetPlatformManager: Display: Loaded TargetPlatform 'IOSClient'
[2020.05.16-13.56.43:017][  0]LogTargetPlatformManager: Display: Loaded TargetPlatform 'IOS'
[2020.05.16-13.56.43:026][  0]LogTargetPlatformManager: Display: Loaded TargetPlatform 'LinuxNoEditor'
[2020.05.16-13.56.43:035][  0]LogTargetPlatformManager: Display: Loaded TargetPlatform 'LinuxClient'
[2020.05.16-13.56.43:043][  0]LogTargetPlatformManager: Display: Loaded TargetPlatform 'LinuxServer'
[2020.05.16-13.56.43:052][  0]LogTargetPlatformManager: Display: Loaded TargetPlatform 'LinuxAArch64NoEditor'
[2020.05.16-13.56.43:061][  0]LogTargetPlatformManager: Display: Loaded TargetPlatform 'LinuxAArch64Client'
[2020.05.16-13.56.43:071][  0]LogTargetPlatformManager: Display: Loaded TargetPlatform 'LinuxAArch64Server'
[2020.05.16-13.56.43:103][  0]LogTargetPlatformManager: Display: Loaded TargetPlatform 'Lumin'
[2020.05.16-13.56.43:103][  0]LogTargetPlatformManager: Display: Loaded TargetPlatform 'LuminClient'
[2020.05.16-13.56.43:121][  0]LogTargetPlatformManager: Display: Loaded TargetPlatform 'TVOSClient'
[2020.05.16-13.56.43:121][  0]LogTargetPlatformManager: Display: Loaded TargetPlatform 'TVOS'
[2020.05.16-13.56.43:131][  0]LogTargetPlatformManager: Display: Loaded TargetPlatform 'WindowsNoEditor'
[2020.05.16-13.56.43:141][  0]LogTargetPlatformManager: Display: Loaded TargetPlatform 'Windows'
[2020.05.16-13.56.43:150][  0]LogTargetPlatformManager: Display: Loaded TargetPlatform 'WindowsClient'
[2020.05.16-13.56.43:159][  0]LogTargetPlatformManager: Display: Loaded TargetPlatform 'WindowsServer'
[2020.05.16-13.56.43:159][  0]LogTargetPlatformManager: Display: Building Assets For Windows
[2020.05.16-13.56.43:162][  0]LogAudioDebug: Display: Lib vorbis DLL was dynamically loaded.
[2020.05.16-13.56.43:188][  0]LogShaderCompilers: Guid format shader working directory is 15 characters bigger than the processId version (D:/Documents/GitHub/FrightNight/Intermediate/Shaders/WorkingDirectory/16112/).
[2020.05.16-13.56.43:188][  0]LogShaderCompilers: Cleaned the shader compiler working directory 'C:/Users/Aakash/AppData/Local/Temp/UnrealShaderWorkingDir/BB00E7CB43B70929CE7E049F49FFB103/'.
[2020.05.16-13.56.43:189][  0]LogXGEController: Cannot use XGE Controller as Incredibuild is not installed on this machine.
[2020.05.16-13.56.43:189][  0]LogShaderCompilers: Cannot use XGE Shader Compiler as Incredibuild is not installed on this machine.
[2020.05.16-13.56.43:189][  0]LogShaderCompilers: Display: Using Local Shader Compiler.
[2020.05.16-13.56.44:053][  0]LogDerivedDataCache: Display: Max Cache Size: 512 MB
[2020.05.16-13.56.44:131][  0]LogDerivedDataCache: Loaded boot cache 0.08s 93MB C:/Users/Aakash/AppData/Local/UnrealEngine/4.24/DerivedDataCache/Boot.ddc.
[2020.05.16-13.56.44:131][  0]LogDerivedDataCache: Display: Loaded Boot cache: C:/Users/Aakash/AppData/Local/UnrealEngine/4.24/DerivedDataCache/Boot.ddc
[2020.05.16-13.56.44:131][  0]LogDerivedDataCache: FDerivedDataBackendGraph:  Pak pak cache file D:/Documents/GitHub/FrightNight/DerivedDataCache/DDC.ddp not found, will not use a pak cache.
[2020.05.16-13.56.44:131][  0]LogDerivedDataCache: Unable to find inner node Pak for hierarchical cache Hierarchy.
[2020.05.16-13.56.44:131][  0]LogDerivedDataCache: FDerivedDataBackendGraph:  CompressedPak pak cache file D:/Documents/GitHub/FrightNight/DerivedDataCache/Compressed.ddp not found, will not use a pak cache.
[2020.05.16-13.56.44:131][  0]LogDerivedDataCache: Unable to find inner node CompressedPak for hierarchical cache Hierarchy.
[2020.05.16-13.56.44:143][  0]LogDerivedDataCache: Display: Pak cache opened for reading ../../../Engine/DerivedDataCache/Compressed.ddp.
[2020.05.16-13.56.44:143][  0]LogDerivedDataCache: FDerivedDataBackendGraph:  EnterprisePak pak cache file ../../../Enterprise/DerivedDataCache/Compressed.ddp not found, will not use a pak cache.
[2020.05.16-13.56.44:143][  0]LogDerivedDataCache: Unable to find inner node EnterprisePak for hierarchical cache Hierarchy.
[2020.05.16-13.56.44:144][  0]LogDerivedDataCache: Using Local data cache path C:/Users/Aakash/AppData/Local/UnrealEngine/Common/DerivedDataCache: Writable
[2020.05.16-13.56.44:144][  0]LogDerivedDataCache: Shared data cache path not found in *engine.ini, will not use an Shared cache.
[2020.05.16-13.56.44:144][  0]LogDerivedDataCache: Unable to find inner node Shared for hierarchical cache Hierarchy.
[2020.05.16-13.56.44:179][  0]LogMaterial: Verifying Global Shaders for PCD3D_SM5
[2020.05.16-13.56.44:182][  0]LogSlate: Using FreeType 2.10.0
[2020.05.16-13.56.44:182][  0]LogSlate: SlateFontServices - WITH_FREETYPE: 1, WITH_HARFBUZZ: 1
[2020.05.16-13.56.44:239][  0]LogAssetRegistry: FAssetRegistry took 0.0029 seconds to start up
[2020.05.16-13.56.44:583][  0]LogInit: Selected Device Profile: [Windows]
[2020.05.16-13.56.44:767][  0]LogMeshReduction: Using QuadricMeshReduction for automatic static mesh reduction
[2020.05.16-13.56.44:767][  0]LogMeshReduction: Using SimplygonMeshReduction for automatic skeletal mesh reduction
[2020.05.16-13.56.44:767][  0]LogMeshReduction: Using ProxyLODMeshReduction for automatic mesh merging
[2020.05.16-13.56.44:767][  0]LogMeshReduction: No distributed automatic mesh merging module available
[2020.05.16-13.56.44:767][  0]LogMeshMerging: No distributed automatic mesh merging module available
[2020.05.16-13.56.44:777][  0]LogNetVersion: FrightNight 1.0.0, NetCL: 10570792, EngineNetVer: 13, GameNetVer: 0 (Checksum: 665925729)
[2020.05.16-13.56.45:593][  0]LogMaterial: Display: Missing cached shader map for material M_SimpleTranslucent, compiling. 
[2020.05.16-13.56.45:757][  0]LogShaderCompilers: Display: Worker (1/5): shaders left to compile 34
[2020.05.16-13.56.45:757][  0]LogShaderCompilers: Display: Worker (2/5): shaders left to compile 27
[2020.05.16-13.56.45:758][  0]LogShaderCompilers: Display: Worker (3/5): shaders left to compile 20
[2020.05.16-13.56.45:758][  0]LogShaderCompilers: Display: Worker (4/5): shaders left to compile 13
[2020.05.16-13.56.45:758][  0]LogShaderCompilers: Display: Worker (5/5): shaders left to compile 6
[2020.05.16-13.56.45:758][  0]LogMaterial: Display: Missing cached shader map for material SkySphereMaterial, compiling. 
[2020.05.16-13.56.45:791][  0]LogMaterial: Display: Missing cached shader map for material FloorPlaneMaterial, compiling. 
[2020.05.16-13.56.45:969][  0]LogMaterial: Display: Missing cached shader map for material LandscapeGizmo_Mat, compiling. 
[2020.05.16-13.56.46:049][  0]LogMaterial: Display: Missing cached shader map for material LandscapeGizmo_Mat, compiling. 
[2020.05.16-13.56.46:099][  0]LogMaterial: Display: Missing cached shader map for material LandscapeGizmoHeight_Mat, compiling. 
[2020.05.16-13.56.46:206][  0]LogMaterial: Display: Missing cached shader map for material SplineEditorMeshMat, compiling. 
[2020.05.16-13.56.46:458][  0]LogPackageLocalizationCache: Processed 10 localized package path(s) for 1 prioritized culture(s) in 0.192332 seconds
[2020.05.16-13.56.46:478][  0]LogUObjectArray: 46750 objects as part of root set at end of initial load.
[2020.05.16-13.56.46:478][  0]LogUObjectAllocator: 8137160 out of 0 bytes used by permanent object pool.
[2020.05.16-13.56.46:478][  0]LogUObjectArray: CloseDisregardForGC: 0/0 objects in disregard for GC pool
[2020.05.16-13.56.46:708][  0]LogMaterial: Display: Missing cached shader map for material DefaultSpriteMaterial, compiling. 
[2020.05.16-13.56.46:764][  0]LogMaterial: Display: Missing cached shader map for material DefaultSpriteMaterial, compiling. 
[2020.05.16-13.56.46:888][  0]LogMaterial: Display: Missing cached shader map for material BaseColor, compiling. 
[2020.05.16-13.56.46:929][  0]LogMaterial: Display: Missing cached shader map for material CustomDepth, compiling. 
[2020.05.16-13.56.46:985][  0]LogMaterial: Display: Missing cached shader map for material CustomStencil, compiling. 
[2020.05.16-13.56.47:018][  0]LogMaterial: Display: Missing cached shader map for material FinalImage, compiling. 
[2020.05.16-13.56.47:051][  0]LogMaterial: Display: Missing cached shader map for material LightingModel, compiling. 
[2020.05.16-13.56.47:084][  0]LogMaterial: Display: Missing cached shader map for material MaterialAO, compiling. 
[2020.05.16-13.56.47:126][  0]LogMaterial: Display: Missing cached shader map for material Metallic, compiling. 
[2020.05.16-13.56.47:184][  0]LogMaterial: Display: Missing cached shader map for material Opacity, compiling. 
[2020.05.16-13.56.47:220][  0]LogMaterial: Display: Missing cached shader map for material Roughness, compiling. 
[2020.05.16-13.56.47:280][  0]LogMaterial: Display: Missing cached shader map for material SceneColor, compiling. 
[2020.05.16-13.56.47:344][  0]LogMaterial: Display: Missing cached shader map for material SceneDepth, compiling. 
[2020.05.16-13.56.47:389][  0]LogMaterial: Display: Missing cached shader map for material SeparateTranslucencyRGB, compiling. 
[2020.05.16-13.56.47:425][  0]LogMaterial: Display: Missing cached shader map for material SeparateTranslucencyA, compiling. 
[2020.05.16-13.56.47:459][  0]LogMaterial: Display: Missing cached shader map for material Specular, compiling. 
[2020.05.16-13.56.47:494][  0]LogMaterial: Display: Missing cached shader map for material SubsurfaceColor, compiling. 
[2020.05.16-13.56.47:527][  0]LogMaterial: Display: Missing cached shader map for material WorldNormal, compiling. 
[2020.05.16-13.56.47:564][  0]LogMaterial: Display: Missing cached shader map for material AmbientOcclusion, compiling. 
[2020.05.16-13.56.47:615][  0]LogMaterial: Display: Missing cached shader map for material CustomDepthWorldUnits, compiling. 
[2020.05.16-13.56.47:656][  0]LogMaterial: Display: Missing cached shader map for material SceneDepthWorldUnits, compiling. 
[2020.05.16-13.56.47:694][  0]LogMaterial: Display: Missing cached shader map for material Velocity, compiling. 
[2020.05.16-13.56.47:732][  0]LogMaterial: Display: Missing cached shader map for material PreTonemapHDRColor, compiling. 
[2020.05.16-13.56.47:768][  0]LogMaterial: Display: Missing cached shader map for material PostTonemapHDRColor, compiling. 
[2020.05.16-13.56.47:945][  0]LogTcpMessaging: Initializing TcpMessaging bridge
[2020.05.16-13.56.47:952][  0]LogUdpMessaging: Initializing bridge on interface 0.0.0.0:0 to multicast group 230.0.0.1:6666.
[2020.05.16-13.56.48:019][  0]LogMaterial: Display: Missing cached shader map for material DefaultMaterial, compiling. 
[2020.05.16-13.56.48:252][  0]SourceControl: Source control is disabled
[2020.05.16-13.56.48:252][  0]SourceControl: Source control is disabled
[2020.05.16-13.56.48:255][  0]SourceControl: Source control is disabled
[2020.05.16-13.56.48:256][  0]SourceControl: Source control is disabled
[2020.05.16-13.56.48:258][  0]SourceControl: Source control is disabled
[2020.05.16-13.56.48:480][  0]LogAndroidPermission: UAndroidPermissionCallbackProxy::GetInstance
[2020.05.16-13.56.48:513][  0]LogAudioCaptureCore: Display: No Audio Capture implementations found. Audio input will be silent.
[2020.05.16-13.56.48:513][  0]LogAudioCaptureCore: Display: No Audio Capture implementations found. Audio input will be silent.
[2020.05.16-13.56.48:577][  0]LogMaterial: Display: Missing cached shader map for material M_VolumeRenderSphereTracePP, compiling. 
[2020.05.16-13.56.48:648][  0]LogMaterial: Display: Missing cached shader map for material OculusMR_WhiteMaterial, compiling. 
[2020.05.16-13.56.48:701][  0]LogMaterial: Display: Missing cached shader map for material OculusMR_ChromaKey, compiling. 
[2020.05.16-13.56.48:758][  0]LogMaterial: Display: Missing cached shader map for material OculusMR_ChromaKey_Lit, compiling. 
[2020.05.16-13.56.48:823][  0]LogMaterial: Display: Missing cached shader map for material OculusMR_OpaqueColoredMaterial, compiling. 
[2020.05.16-13.56.48:854][  0]LogOcInput: OculusInput pre-init called
[2020.05.16-13.56.48:878][  0]LogWindows: Failed to load 'OVRPlugin.dll' (GetLastError=126)
[2020.05.16-13.56.48:878][  0]LogWindows: File 'OVRPlugin.dll' does not exist
[2020.05.16-13.56.48:928][  0]LogMaterial: Display: Missing cached shader map for material HighResScreenshot, compiling. 
[2020.05.16-13.56.48:971][  0]LogMaterial: Display: Missing cached shader map for material HighResScreenshotMask, compiling. 
[2020.05.16-13.56.49:018][  0]LogMaterial: Display: Missing cached shader map for material HighResScreenshotCaptureRegion, compiling. 
[2020.05.16-13.56.49:110][  0]LogEngine: Initializing Engine...
[2020.05.16-13.56.49:113][  0]LogHMD: Failed to initialize OpenVR with code 110
[2020.05.16-13.56.49:116][  0]LogStats: UGameplayTagsManager::InitializeManager -  0.001 s
[2020.05.16-13.56.49:149][  0]LogMaterial: Display: Missing cached shader map for material HairDebugMaterial, compiling. Is special engine material.
[2020.05.16-13.56.49:631][  0]LogMaterial: Display: Missing cached shader map for material LevelColorationLitMaterial, compiling. Is special engine material.
[2020.05.16-13.56.50:416][  0]LogShaderCompilers: Display: Worker (1/5): shaders left to compile 1070
[2020.05.16-13.56.50:434][  0]LogMaterial: Display: Missing cached shader map for material LevelColorationUnlitMaterial, compiling. Is special engine material.
[2020.05.16-13.56.50:817][  0]LogMaterial: Display: Missing cached shader map for material MAT_LevelColorationLitLightmapUV, compiling. Is special engine material.
[2020.05.16-13.56.51:600][  0]LogShaderCompilers: Display: Worker (5/5): shaders left to compile 2266
[2020.05.16-13.56.51:624][  0]LogMaterial: Display: Missing cached shader map for material ShadedLevelColorationLitMaterial, compiling. Is special engine material.
[2020.05.16-13.56.52:410][  0]LogShaderCompilers: Display: Worker (2/5): shaders left to compile 3021
[2020.05.16-13.56.52:410][  0]LogMaterial: Display: Missing cached shader map for material ShadedLevelColorationUnlitMateri, compiling. Is special engine material.
[2020.05.16-13.56.52:749][  0]LogMaterial: Display: Missing cached shader map for material VertexColorMaterial, compiling. 
[2020.05.16-13.56.52:953][  0]LogMaterial: Display: Missing cached shader map for material VertexColorViewMode_ColorOnly, compiling. 
[2020.05.16-13.56.53:021][  0]LogMaterial: Display: Missing cached shader map for material VertexColorViewMode_AlphaAsColor, compiling. 
[2020.05.16-13.56.53:077][  0]LogMaterial: Display: Missing cached shader map for material VertexColorViewMode_RedOnly, compiling. 
[2020.05.16-13.56.53:128][  0]LogMaterial: Display: Missing cached shader map for material VertexColorViewMode_GreenOnly, compiling. 
[2020.05.16-13.56.53:183][  0]LogMaterial: Display: Missing cached shader map for material VertexColorViewMode_BlueOnly, compiling. 
[2020.05.16-13.56.53:239][  0]LogMaterial: Display: Missing cached shader map for material RemoveSurfaceMaterial, compiling. 
[2020.05.16-13.56.53:286][  0]LogMaterial: Display: Missing cached shader map for material HairDefaultMaterial, compiling. Is special engine material.
[2020.05.16-13.56.54:112][  0]LogShaderCompilers: Display: Worker (3/5): shaders left to compile 4479
[2020.05.16-13.56.54:129][  0]LogMaterial: Display: Missing cached shader map for material DebugMeshMaterial, compiling. 
[2020.05.16-13.56.54:175][  0]LogMaterial: Display: Missing cached shader map for material EmissiveMeshMaterial, compiling. 
[2020.05.16-13.56.54:235][  0]LogMaterial: Display: Missing cached shader map for material M_InvalidLightmapSettings, compiling. 
[2020.05.16-13.56.54:322][  0]LogMaterial: Display: Missing cached shader map for material GizmoMaterial, compiling. 
[2020.05.16-13.56.54:366][  0]LogShaderCompilers: Display: Worker (4/5): shaders left to compile 5454
[2020.05.16-13.56.54:366][  0]LogMaterial: Display: Missing cached shader map for material PhAT_JointLimitMaterial, compiling. 
[2020.05.16-13.56.54:409][  0]LogMaterial: Display: Missing cached shader map for material GeomMaterial, compiling. 
[2020.05.16-13.56.54:454][  0]LogMaterial: Display: Missing cached shader map for material EditorBrushMaterial, compiling. 
[2020.05.16-13.56.54:505][  0]LogMaterial: Display: Missing cached shader map for material BoneWeightMaterial, compiling. 
[2020.05.16-13.56.54:666][  0]LogMaterial: Display: Missing cached shader map for material ClothMaterial, compiling. 
[2020.05.16-13.56.54:714][  0]LogMaterial: Display: Missing cached shader map for material ClothMaterial_WF, compiling. 
[2020.05.16-13.56.54:769][  0]LogMaterial: Display: Missing cached shader map for material DebugEditorMaterial, compiling. 
[2020.05.16-13.56.54:810][  0]LogMaterial: Display: Missing cached shader map for material PreviewShadowIndicatorMaterial, compiling. 
[2020.05.16-13.56.54:946][  0]LogInit: Initializing FReadOnlyCVARCache
[2020.05.16-13.56.54:962][  0]LogAIModule: Creating AISystem for world Untitled
[2020.05.16-13.56.55:023][  0]LogAudioMixer: Display: Audio Mixer Platform Settings:
[2020.05.16-13.56.55:023][  0]LogAudioMixer: Display: 	Sample Rate:						  48000
[2020.05.16-13.56.55:023][  0]LogAudioMixer: Display: 	Callback Buffer Frame Size Requested: 1024
[2020.05.16-13.56.55:023][  0]LogAudioMixer: Display: 	Callback Buffer Frame Size To Use:	  1024
[2020.05.16-13.56.55:023][  0]LogAudioMixer: Display: 	Number of buffers to queue:			  2
[2020.05.16-13.56.55:023][  0]LogAudioMixer: Display: 	Max Channels (voices):				  32
[2020.05.16-13.56.55:024][  0]LogAudioMixer: Display: 	Number of Async Source Workers:		  0
[2020.05.16-13.56.55:024][  0]LogAudio: Display: AudioDevice MaxSources: 32
[2020.05.16-13.56.55:025][  0]LogAudio: Display: Using built-in audio occlusion.
[2020.05.16-13.56.55:025][  0]LogAudioMixer: Display: Initializing audio mixer.
[2020.05.16-13.56.55:219][  0]LogAudioMixer: Display: Audio Device Output Speaker Info:
[2020.05.16-13.56.55:219][  0]LogAudioMixer: Display: Name: Headphones (Mi Sports BT Earphones Basic Stereo)
[2020.05.16-13.56.55:219][  0]LogAudioMixer: Display: Is Default: Yes
[2020.05.16-13.56.55:219][  0]LogAudioMixer: Display: Sample Rate: 44100
[2020.05.16-13.56.55:219][  0]LogAudioMixer: Display: Channel Count Used: 2
[2020.05.16-13.56.55:219][  0]LogAudioMixer: Display: Device Channel Count: 2
[2020.05.16-13.56.55:219][  0]LogAudioMixer: Display: Channel Order:
[2020.05.16-13.56.55:219][  0]LogAudioMixer: Display: 0: FrontLeft
[2020.05.16-13.56.55:219][  0]LogAudioMixer: Display: 1: FrontRight
[2020.05.16-13.56.55:590][  0]LogAudioMixer: Display: Using Audio Device Headphones (Mi Sports BT Earphones Basic Stereo)
[2020.05.16-13.56.55:598][  0]LogInit: FAudioDevice initialized.
[2020.05.16-13.56.55:599][  0]LogNetVersion: Set ProjectVersion to 1.0.0.0. Version Checksum will be recalculated on next use.
[2020.05.16-13.56.55:734][  0]LogDerivedDataCache: Saved boot cache 0.14s 95MB C:/Users/Aakash/AppData/Local/UnrealEngine/4.24/DerivedDataCache/Boot.ddc.
[2020.05.16-13.56.55:747][  0]LogInit: Texture streaming: Enabled
[2020.05.16-13.56.55:768][  0]LogEngineSessionManager: EngineSessionManager initialized
[2020.05.16-13.56.55:768][  0]LogEditorSessionSummary: Verbose: Initializing EditorSessionSummaryWriter for editor session tracking
[2020.05.16-13.56.55:770][  0]LogEditorSessionSummary: EditorSessionSummaryWriter initialized
[2020.05.16-13.56.55:862][  0]LogInit: Transaction tracking system initialized
[2020.05.16-13.56.55:889][  0]BlueprintLog: New page: Editor Load
[2020.05.16-13.56.55:965][  0]LocalizationService: Localization service is disabled
[2020.05.16-13.56.56:181][  0]LogMaterial: Display: Missing cached shader map for material Cross_Mat, compiling. 
[2020.05.16-13.56.56:249][  0]LogMaterial: Display: Missing cached shader map for material PhAT_BoneSelectedMaterial, compiling. 
[2020.05.16-13.56.56:289][  0]LogMaterial: Display: Missing cached shader map for material PhAT_ElemSelectedMaterial, compiling. 
[2020.05.16-13.56.56:333][  0]LogMaterial: Display: Missing cached shader map for material PhAT_NoCollisionMaterial, compiling. 
[2020.05.16-13.56.56:377][  0]LogMaterial: Display: Missing cached shader map for material PhAT_UnselectedMaterial, compiling. 
[2020.05.16-13.56.56:426][  0]LogMaterial: Display: Missing cached shader map for material Tick_Mat, compiling. 
[2020.05.16-13.56.56:485][  0]LogMaterial: Display: Missing cached shader map for material WidgetGridVertexColorMaterial_Ma, compiling. 
[2020.05.16-13.56.56:536][  0]LogMaterial: Display: Missing cached shader map for material WidgetMaterial, compiling. 
[2020.05.16-13.56.56:584][  0]LogMaterial: Display: Missing cached shader map for material WidgetMaterial_Current, compiling. 
[2020.05.16-13.56.56:632][  0]LogMaterial: Display: Missing cached shader map for material WidgetMaterial_X, compiling. 
[2020.05.16-13.56.56:673][  0]LogMaterial: Display: Missing cached shader map for material WidgetMaterial_Y, compiling. 
[2020.05.16-13.56.56:711][  0]LogMaterial: Display: Missing cached shader map for material WidgetMaterial_Z, compiling. 
[2020.05.16-13.56.56:751][  0]LogMaterial: Display: Missing cached shader map for material WidgetVertexColorMaterial, compiling. 
[2020.05.16-13.56.56:834][  0]LogMaterial: Display: Missing cached shader map for material LevelGridMaterial, compiling. 
[2020.05.16-13.56.56:935][  0]LogMaterial: Display: Missing cached shader map for material BlinkingCaret, compiling. 
[2020.05.16-13.56.57:017][  0]LogMaterial: Display: Missing cached shader map for material M_StreamingPause, compiling. 
[2020.05.16-13.56.57:103][  0]LogFileCache: Scanning file cache for directory 'D:/Documents/GitHub/FrightNight/Content/' took 0.01s
[2020.05.16-13.56.57:103][  0]LogCook: Display: Max memory allowance for cook 16384mb min free memory 0mb
[2020.05.16-13.56.57:103][  0]LogCook: Display: Mobile HDR setting 1
[2020.05.16-13.56.58:623][  0]LogShaderCompilers: Display: Worker (1/5): shaders left to compile 5891
[2020.05.16-13.56.58:701][  0]SourceControl: Source control is disabled
[2020.05.16-13.56.58:701][  0]Cmd: MAP LOAD FILE="D:/Documents/GitHub/FrightNight/Content/StarterContent/Maps/Minimal_Default.umap" TEMPLATE=0 SHOWPROGRESS=1 FEATURELEVEL=3
[2020.05.16-13.56.58:703][  0]LightingResults: New page: Lighting Build
[2020.05.16-13.56.58:705][  0]LogWorld: UWorld::CleanupWorld for Untitled, bSessionEnded=true, bCleanupResources=true
[2020.05.16-13.56.58:705][  0]LogSlate: InvalidateAllWidgets triggered.  All widgets were invalidated
[2020.05.16-13.56.58:705][  0]MapCheck: New page: Map Check
[2020.05.16-13.56.58:705][  0]LightingResults: New page: Lighting Build
[2020.05.16-13.56.58:771][  0]LogUObjectHash: Compacting FUObjectHashTables data took   5.62ms
[2020.05.16-13.56.59:106][  0]LogMaterial: Display: Missing cached shader map for material M_Sky_Panning_Clouds2, compiling. 
[2020.05.16-13.56.59:183][  0]LogMaterial: Display: Missing cached shader map for material M_Metal_Burnished_Steel, compiling. 
[2020.05.16-13.56.59:259][  0]LogMaterial: Display: Missing cached shader map for material M_StatueGlass, compiling. 
[2020.05.16-13.56.59:377][  0]LogMaterial: Display: Missing cached shader map for material M_Chair, compiling. 
[2020.05.16-13.56.59:448][  0]LogMaterial: Display: Missing cached shader map for material M_Metal_Copper, compiling. 
[2020.05.16-13.56.59:521][  0]LogMaterial: Display: Missing cached shader map for material M_Metal_Brushed_Nickel, compiling. 
[2020.05.16-13.56.59:641][  0]LogMaterial: Display: Missing cached shader map for material M_TableRound, compiling. 
[2020.05.16-13.56.59:706][  0]LogMaterial: Display: Missing cached shader map for material M_Statue, compiling. 
[2020.05.16-13.56.59:781][  0]LogShaderCompilers: Display: Worker (5/5): shaders left to compile 6118
[2020.05.16-13.56.59:782][  0]LogMaterial: Display: Missing cached shader map for material M_Basic_Floor, compiling. 
[2020.05.16-13.56.59:852][  0]LogAIModule: Creating AISystem for world Minimal_Default
[2020.05.16-13.56.59:883][  0]LogEditorServer: Finished looking for orphan Actors (0.000 secs)
[2020.05.16-13.56.59:978][  0]LogUObjectHash: Compacting FUObjectHashTables data took   5.79ms
[2020.05.16-13.56.59:979][  0]Cmd: MAP CHECKDEP NOCLEARLOG
[2020.05.16-13.56.59:980][  0]MapCheck: Map check complete: 0 Error(s), 0 Warning(s), took 0.584ms to complete.
[2020.05.16-13.56.59:980][  0]LogFileHelpers: Loading map 'Minimal_Default' took 1.279
[2020.05.16-13.57.00:213][  0]LogSlate: Updating window title bar state: overlay mode, drag disabled, window buttons hidden, title bar hidden
[2020.05.16-13.57.00:233][  0]LogSlate: Updating window title bar state: overlay mode, drag disabled, window buttons hidden, title bar hidden
[2020.05.16-13.57.00:255][  0]LogSlate: Updating window title bar state: overlay mode, drag disabled, window buttons hidden, title bar hidden
[2020.05.16-13.57.00:276][  0]LogShaderCompilers: Display: Worker (3/5): shaders left to compile 6138
[2020.05.16-13.57.00:277][  0]LogSlate: Updating window title bar state: overlay mode, drag disabled, window buttons hidden, title bar hidden
[2020.05.16-13.57.00:289][  0]LogCollectionManager: Loaded 0 collections in 0.005306 seconds
[2020.05.16-13.57.00:324][  0]LogFileCache: Scanning file cache for directory 'D:/Documents/GitHub/FrightNight/Saved/Collections/' took 0.00s
[2020.05.16-13.57.00:324][  0]LogFileCache: Scanning file cache for directory 'D:/Documents/GitHub/FrightNight/Content/Developers/Aakash/Collections/' took 0.00s
[2020.05.16-13.57.00:324][  0]LogFileCache: Scanning file cache for directory 'D:/Documents/GitHub/FrightNight/Content/Collections/' took 0.00s
[2020.05.16-13.57.00:324][  0]LogContentBrowser: Native class hierarchy populated in 0.0211 seconds. Added 3015 classes and 717 folders.
[2020.05.16-13.57.00:330][  0]LogContentBrowser: Native class hierarchy updated for 'WidgetCarousel' in 0.0008 seconds. Added 0 classes and 0 folders.
[2020.05.16-13.57.00:460][  0]LogShaderCompilers: Display: Worker (4/5): shaders left to compile 6128
[2020.05.16-13.57.00:460][  0]LogContentBrowser: Native class hierarchy updated for 'AddContentDialog' in 0.0007 seconds. Added 0 classes and 0 folders.
[2020.05.16-13.57.00:468][  0]LogContentBrowser: Native class hierarchy updated for 'SceneOutliner' in 0.0007 seconds. Added 2 classes and 3 folders.
[2020.05.16-13.57.00:908][  0]LogSlate: Took 0.000299 seconds to synchronously load lazily loaded font '../../../Engine/Content/Slate/Fonts/Roboto-Regular.ttf' (155K)
[2020.05.16-13.57.00:912][  0]LogSlate: Took 0.000360 seconds to synchronously load lazily loaded font '../../../Engine/Content/Slate/Fonts/Roboto-Bold.ttf' (160K)
[2020.05.16-13.57.00:925][  0]LogSlate: Took 0.000367 seconds to synchronously load lazily loaded font '../../../Engine/Content/Editor/Slate/Fonts/FontAwesome.ttf' (139K)
[2020.05.16-13.57.01:021][  0]LogMaterial: Display: Missing cached shader map for material LevelGridMaterial2, compiling. 
[2020.05.16-13.57.01:138][  0]LogRenderer: Reallocating scene render targets to support 964x432 Format 10 NumSamples 1 (Frame:1).
[2020.05.16-13.57.01:916][  0]LogShaderCompilers: Display: Worker (2/5): shaders left to compile 6143
[2020.05.16-13.57.01:926][  0]LogContentBrowser: Native class hierarchy updated for 'HierarchicalLODOutliner' in 0.0008 seconds. Added 0 classes and 0 folders.
[2020.05.16-13.57.01:926][  0]LogLoad: (Engine Initialization) Total time: 21.80 seconds
[2020.05.16-13.57.01:926][  0]LogLoad: (Engine Initialization) Total Blueprint compile time: 0.00 seconds
[2020.05.16-13.57.02:000][  0]LogContentStreaming: Texture pool size now 1000 MB
[2020.05.16-13.57.02:040][  0]LogSlate: Took 0.000361 seconds to synchronously load lazily loaded font '../../../Engine/Content/Slate/Fonts/Roboto-Light.ttf' (167K)
[2020.05.16-13.57.02:173][  2]LogAssetRegistry: Asset discovery search completed in 17.9356 seconds
[2020.05.16-13.57.02:186][  2]LogCollectionManager: Fixed up redirectors for 0 collections in 0.000016 seconds (updated 0 objects)
[2020.05.16-13.57.08:391][232]LogShaderCompilers: Display: Worker (1/5): shaders left to compile 6133
[2020.05.16-13.57.10:370][333]LogShaderCompilers: Display: Worker (3/5): shaders left to compile 6123
[2020.05.16-13.57.12:990][478]LogShaderCompilers: Display: Worker (4/5): shaders left to compile 6113
[2020.05.16-13.57.16:774][693]LogShaderCompilers: Display: Worker (2/5): shaders left to compile 6103
[2020.05.16-13.57.21:810][924]LogD3D12RHI: Error: pResource->Map(Subresource, pReadRange, reinterpret_cast<void**>(&pData)) failed 
 at d:\build\++ue4\sync\engine\source\runtime\d3d12rhi\private\D3D12RHIPrivate.h:1099 
 with error DXGI_ERROR_DEVICE_REMOVED
[2020.05.16-13.57.22:220][924]LogShaderCompilers: Display: Worker (1/5): shaders left to compile 6093
[2020.05.16-13.57.22:679][924]LogShaderCompilers: Display: Worker (3/5): shaders left to compile 6083
[2020.05.16-13.57.26:219][924]LogShaderCompilers: Display: Worker (1/5): shaders left to compile 6073
[2020.05.16-13.57.26:337][924]LogShaderCompilers: Display: Worker (4/5): shaders left to compile 6063
[2020.05.16-13.57.27:278][924]LogShaderCompilers: Display: Worker (2/5): shaders left to compile 6053
[2020.05.16-13.57.27:424][924]LogShaderCompilers: Display: Worker (3/5): shaders left to compile 6043
[2020.05.16-13.57.30:059][924]LogShaderCompilers: Display: Worker (1/5): shaders left to compile 6033
[2020.05.16-13.57.30:380][924]LogShaderCompilers: Display: Worker (4/5): shaders left to compile 6023
[2020.05.16-13.57.30:782][924]LogWindows: FPlatformMisc::RequestExit(1)
[2020.05.16-13.57.30:782][924]LogCore: Engine exit requested (reason: Win RequestExit)
[2020.05.16-13.57.30:832][924]Log file closed, 05/16/20 19:27:30
